[2026-03-25 16:25:59] laravel.EMERGENCY: Unable to create configured logger. Using emergency logger. {"exception":"[object] (InvalidArgumentException(code: 0): Log [] is not defined. at /var/www/html/paymoney-laravel/vendor/laravel/framework/src/Illuminate/Log/LogManager.php:212)
[stacktrace]
#0 /var/www/html/paymoney-laravel/vendor/laravel/framework/src/Illuminate/Log/LogManager.php(137): Illuminate\\Log\\LogManager->resolve()
#1 /var/www/html/paymoney-laravel/vendor/laravel/framework/src/Illuminate/Log/LogManager.php(124): Illuminate\\Log\\LogManager->get()
#2 /var/www/html/paymoney-laravel/vendor/laravel/framework/src/Illuminate/Log/LogManager.php(681): Illuminate\\Log\\LogManager->driver()
#3 /var/www/html/paymoney-laravel/vendor/laravel/framework/src/Illuminate/Foundation/Exceptions/Handler.php(317): Illuminate\\Log\\LogManager->error()
#4 /var/www/html/paymoney-laravel/vendor/laravel/framework/src/Illuminate/Foundation/Exceptions/Handler.php(278): Illuminate\\Foundation\\Exceptions\\Handler->reportThrowable()
#5 /var/www/html/paymoney-laravel/vendor/laravel/framework/src/Illuminate/Foundation/Console/Kernel.php(523): Illuminate\\Foundation\\Exceptions\\Handler->report()
#6 /var/www/html/paymoney-laravel/vendor/laravel/framework/src/Illuminate/Foundation/Console/Kernel.php(203): Illuminate\\Foundation\\Console\\Kernel->reportException()
#7 Command line code(1): Illuminate\\Foundation\\Console\\Kernel->handle()
#8 {main}
"} 
[2026-03-25 16:25:59] laravel.ERROR: Failed opening required '/var/www/html/paymoney-laravel/config/api-docs-endpoints.php' (include_path='.:/usr/share/php') {"exception":"[object] (Error(code: 0): Failed opening required '/var/www/html/paymoney-laravel/config/api-docs-endpoints.php' (include_path='.:/usr/share/php') at /var/www/html/paymoney-laravel/config/api-docs.php:46)
[stacktrace]
#0 /var/www/html/paymoney-laravel/vendor/laravel/framework/src/Illuminate/Foundation/Bootstrap/LoadConfiguration.php(70): require()
#1 /var/www/html/paymoney-laravel/vendor/laravel/framework/src/Illuminate/Foundation/Bootstrap/LoadConfiguration.php(39): Illuminate\\Foundation\\Bootstrap\\LoadConfiguration->loadConfigurationFiles()
#2 /var/www/html/paymoney-laravel/vendor/laravel/framework/src/Illuminate/Foundation/Application.php(263): Illuminate\\Foundation\\Bootstrap\\LoadConfiguration->bootstrap()
#3 /var/www/html/paymoney-laravel/vendor/laravel/framework/src/Illuminate/Foundation/Console/Kernel.php(447): Illuminate\\Foundation\\Application->bootstrapWith()
#4 /var/www/html/paymoney-laravel/vendor/laravel/framework/src/Illuminate/Foundation/Console/Kernel.php(199): Illuminate\\Foundation\\Console\\Kernel->bootstrap()
#5 Command line code(1): Illuminate\\Foundation\\Console\\Kernel->handle()
#6 {main}
"} 
[2026-03-25 16:26:39] laravel.EMERGENCY: Unable to create configured logger. Using emergency logger. {"exception":"[object] (InvalidArgumentException(code: 0): Log [] is not defined. at /var/www/html/paymoney-laravel/vendor/laravel/framework/src/Illuminate/Log/LogManager.php:212)
[stacktrace]
#0 /var/www/html/paymoney-laravel/vendor/laravel/framework/src/Illuminate/Log/LogManager.php(137): Illuminate\\Log\\LogManager->resolve()
#1 /var/www/html/paymoney-laravel/vendor/laravel/framework/src/Illuminate/Log/LogManager.php(124): Illuminate\\Log\\LogManager->get()
#2 /var/www/html/paymoney-laravel/vendor/laravel/framework/src/Illuminate/Log/LogManager.php(681): Illuminate\\Log\\LogManager->driver()
#3 /var/www/html/paymoney-laravel/vendor/laravel/framework/src/Illuminate/Foundation/Exceptions/Handler.php(317): Illuminate\\Log\\LogManager->error()
#4 /var/www/html/paymoney-laravel/vendor/laravel/framework/src/Illuminate/Foundation/Exceptions/Handler.php(278): Illuminate\\Foundation\\Exceptions\\Handler->reportThrowable()
#5 /var/www/html/paymoney-laravel/vendor/laravel/framework/src/Illuminate/Foundation/Console/Kernel.php(523): Illuminate\\Foundation\\Exceptions\\Handler->report()
#6 /var/www/html/paymoney-laravel/vendor/laravel/framework/src/Illuminate/Foundation/Console/Kernel.php(203): Illuminate\\Foundation\\Console\\Kernel->reportException()
#7 Command line code(1): Illuminate\\Foundation\\Console\\Kernel->handle()
#8 {main}
"} 
[2026-03-25 16:26:39] laravel.ERROR: Failed opening required '/var/www/html/paymoney-laravel/config/api-docs-endpoints.php' (include_path='.:/usr/share/php') {"exception":"[object] (Error(code: 0): Failed opening required '/var/www/html/paymoney-laravel/config/api-docs-endpoints.php' (include_path='.:/usr/share/php') at /var/www/html/paymoney-laravel/config/api-docs.php:46)
[stacktrace]
#0 /var/www/html/paymoney-laravel/vendor/laravel/framework/src/Illuminate/Foundation/Bootstrap/LoadConfiguration.php(70): require()
#1 /var/www/html/paymoney-laravel/vendor/laravel/framework/src/Illuminate/Foundation/Bootstrap/LoadConfiguration.php(39): Illuminate\\Foundation\\Bootstrap\\LoadConfiguration->loadConfigurationFiles()
#2 /var/www/html/paymoney-laravel/vendor/laravel/framework/src/Illuminate/Foundation/Application.php(263): Illuminate\\Foundation\\Bootstrap\\LoadConfiguration->bootstrap()
#3 /var/www/html/paymoney-laravel/vendor/laravel/framework/src/Illuminate/Foundation/Console/Kernel.php(447): Illuminate\\Foundation\\Application->bootstrapWith()
#4 /var/www/html/paymoney-laravel/vendor/laravel/framework/src/Illuminate/Foundation/Console/Kernel.php(199): Illuminate\\Foundation\\Console\\Kernel->bootstrap()
#5 Command line code(1): Illuminate\\Foundation\\Console\\Kernel->handle()
#6 {main}
"} 
[2026-03-25 16:26:39] laravel.EMERGENCY: Unable to create configured logger. Using emergency logger. {"exception":"[object] (InvalidArgumentException(code: 0): Log [] is not defined. at /var/www/html/paymoney-laravel/vendor/laravel/framework/src/Illuminate/Log/LogManager.php:212)
[stacktrace]
#0 /var/www/html/paymoney-laravel/vendor/laravel/framework/src/Illuminate/Log/LogManager.php(137): Illuminate\\Log\\LogManager->resolve()
#1 /var/www/html/paymoney-laravel/vendor/laravel/framework/src/Illuminate/Log/LogManager.php(124): Illuminate\\Log\\LogManager->get()
#2 /var/www/html/paymoney-laravel/vendor/laravel/framework/src/Illuminate/Log/LogManager.php(681): Illuminate\\Log\\LogManager->driver()
#3 /var/www/html/paymoney-laravel/vendor/laravel/framework/src/Illuminate/Foundation/Exceptions/Handler.php(317): Illuminate\\Log\\LogManager->error()
#4 /var/www/html/paymoney-laravel/vendor/laravel/framework/src/Illuminate/Foundation/Exceptions/Handler.php(278): Illuminate\\Foundation\\Exceptions\\Handler->reportThrowable()
#5 /var/www/html/paymoney-laravel/vendor/laravel/framework/src/Illuminate/Foundation/Console/Kernel.php(523): Illuminate\\Foundation\\Exceptions\\Handler->report()
#6 /var/www/html/paymoney-laravel/vendor/laravel/framework/src/Illuminate/Foundation/Console/Kernel.php(203): Illuminate\\Foundation\\Console\\Kernel->reportException()
#7 Command line code(1): Illuminate\\Foundation\\Console\\Kernel->handle()
#8 {main}
"} 
[2026-03-25 16:26:39] laravel.ERROR: Failed opening required '/var/www/html/paymoney-laravel/config/api-docs-endpoints.php' (include_path='.:/usr/share/php') {"exception":"[object] (Error(code: 0): Failed opening required '/var/www/html/paymoney-laravel/config/api-docs-endpoints.php' (include_path='.:/usr/share/php') at /var/www/html/paymoney-laravel/config/api-docs.php:46)
[stacktrace]
#0 /var/www/html/paymoney-laravel/vendor/laravel/framework/src/Illuminate/Foundation/Bootstrap/LoadConfiguration.php(70): require()
#1 /var/www/html/paymoney-laravel/vendor/laravel/framework/src/Illuminate/Foundation/Bootstrap/LoadConfiguration.php(39): Illuminate\\Foundation\\Bootstrap\\LoadConfiguration->loadConfigurationFiles()
#2 /var/www/html/paymoney-laravel/vendor/laravel/framework/src/Illuminate/Foundation/Application.php(263): Illuminate\\Foundation\\Bootstrap\\LoadConfiguration->bootstrap()
#3 /var/www/html/paymoney-laravel/vendor/laravel/framework/src/Illuminate/Foundation/Console/Kernel.php(447): Illuminate\\Foundation\\Application->bootstrapWith()
#4 /var/www/html/paymoney-laravel/vendor/laravel/framework/src/Illuminate/Foundation/Console/Kernel.php(199): Illuminate\\Foundation\\Console\\Kernel->bootstrap()
#5 Command line code(1): Illuminate\\Foundation\\Console\\Kernel->handle()
#6 {main}
"} 
[2026-03-25 16:27:39] laravel.EMERGENCY: Unable to create configured logger. Using emergency logger. {"exception":"[object] (InvalidArgumentException(code: 0): Log [] is not defined. at /var/www/html/paymoney-laravel/vendor/laravel/framework/src/Illuminate/Log/LogManager.php:212)
[stacktrace]
#0 /var/www/html/paymoney-laravel/vendor/laravel/framework/src/Illuminate/Log/LogManager.php(137): Illuminate\\Log\\LogManager->resolve()
#1 /var/www/html/paymoney-laravel/vendor/laravel/framework/src/Illuminate/Log/LogManager.php(124): Illuminate\\Log\\LogManager->get()
#2 /var/www/html/paymoney-laravel/vendor/laravel/framework/src/Illuminate/Log/LogManager.php(681): Illuminate\\Log\\LogManager->driver()
#3 /var/www/html/paymoney-laravel/vendor/laravel/framework/src/Illuminate/Foundation/Exceptions/Handler.php(317): Illuminate\\Log\\LogManager->error()
#4 /var/www/html/paymoney-laravel/vendor/laravel/framework/src/Illuminate/Foundation/Exceptions/Handler.php(278): Illuminate\\Foundation\\Exceptions\\Handler->reportThrowable()
#5 /var/www/html/paymoney-laravel/vendor/laravel/framework/src/Illuminate/Foundation/Console/Kernel.php(523): Illuminate\\Foundation\\Exceptions\\Handler->report()
#6 /var/www/html/paymoney-laravel/vendor/laravel/framework/src/Illuminate/Foundation/Console/Kernel.php(203): Illuminate\\Foundation\\Console\\Kernel->reportException()
#7 Command line code(1): Illuminate\\Foundation\\Console\\Kernel->handle()
#8 {main}
"} 
[2026-03-25 16:27:39] laravel.ERROR: Failed opening required '/var/www/html/paymoney-laravel/config/api-docs-endpoints.php' (include_path='.:/usr/share/php') {"exception":"[object] (Error(code: 0): Failed opening required '/var/www/html/paymoney-laravel/config/api-docs-endpoints.php' (include_path='.:/usr/share/php') at /var/www/html/paymoney-laravel/config/api-docs.php:46)
[stacktrace]
#0 /var/www/html/paymoney-laravel/vendor/laravel/framework/src/Illuminate/Foundation/Bootstrap/LoadConfiguration.php(70): require()
#1 /var/www/html/paymoney-laravel/vendor/laravel/framework/src/Illuminate/Foundation/Bootstrap/LoadConfiguration.php(39): Illuminate\\Foundation\\Bootstrap\\LoadConfiguration->loadConfigurationFiles()
#2 /var/www/html/paymoney-laravel/vendor/laravel/framework/src/Illuminate/Foundation/Application.php(263): Illuminate\\Foundation\\Bootstrap\\LoadConfiguration->bootstrap()
#3 /var/www/html/paymoney-laravel/vendor/laravel/framework/src/Illuminate/Foundation/Console/Kernel.php(447): Illuminate\\Foundation\\Application->bootstrapWith()
#4 /var/www/html/paymoney-laravel/vendor/laravel/framework/src/Illuminate/Foundation/Console/Kernel.php(199): Illuminate\\Foundation\\Console\\Kernel->bootstrap()
#5 Command line code(1): Illuminate\\Foundation\\Console\\Kernel->handle()
#6 {main}
"} 
[2026-03-25 16:27:39] laravel.EMERGENCY: Unable to create configured logger. Using emergency logger. {"exception":"[object] (InvalidArgumentException(code: 0): Log [] is not defined. at /var/www/html/paymoney-laravel/vendor/laravel/framework/src/Illuminate/Log/LogManager.php:212)
[stacktrace]
#0 /var/www/html/paymoney-laravel/vendor/laravel/framework/src/Illuminate/Log/LogManager.php(137): Illuminate\\Log\\LogManager->resolve()
#1 /var/www/html/paymoney-laravel/vendor/laravel/framework/src/Illuminate/Log/LogManager.php(124): Illuminate\\Log\\LogManager->get()
#2 /var/www/html/paymoney-laravel/vendor/laravel/framework/src/Illuminate/Log/LogManager.php(681): Illuminate\\Log\\LogManager->driver()
#3 /var/www/html/paymoney-laravel/vendor/laravel/framework/src/Illuminate/Foundation/Exceptions/Handler.php(317): Illuminate\\Log\\LogManager->error()
#4 /var/www/html/paymoney-laravel/vendor/laravel/framework/src/Illuminate/Foundation/Exceptions/Handler.php(278): Illuminate\\Foundation\\Exceptions\\Handler->reportThrowable()
#5 /var/www/html/paymoney-laravel/vendor/laravel/framework/src/Illuminate/Foundation/Console/Kernel.php(523): Illuminate\\Foundation\\Exceptions\\Handler->report()
#6 /var/www/html/paymoney-laravel/vendor/laravel/framework/src/Illuminate/Foundation/Console/Kernel.php(203): Illuminate\\Foundation\\Console\\Kernel->reportException()
#7 Command line code(1): Illuminate\\Foundation\\Console\\Kernel->handle()
#8 {main}
"} 
[2026-03-25 16:27:39] laravel.ERROR: Failed opening required '/var/www/html/paymoney-laravel/config/api-docs-endpoints.php' (include_path='.:/usr/share/php') {"exception":"[object] (Error(code: 0): Failed opening required '/var/www/html/paymoney-laravel/config/api-docs-endpoints.php' (include_path='.:/usr/share/php') at /var/www/html/paymoney-laravel/config/api-docs.php:46)
[stacktrace]
#0 /var/www/html/paymoney-laravel/vendor/laravel/framework/src/Illuminate/Foundation/Bootstrap/LoadConfiguration.php(70): require()
#1 /var/www/html/paymoney-laravel/vendor/laravel/framework/src/Illuminate/Foundation/Bootstrap/LoadConfiguration.php(39): Illuminate\\Foundation\\Bootstrap\\LoadConfiguration->loadConfigurationFiles()
#2 /var/www/html/paymoney-laravel/vendor/laravel/framework/src/Illuminate/Foundation/Application.php(263): Illuminate\\Foundation\\Bootstrap\\LoadConfiguration->bootstrap()
#3 /var/www/html/paymoney-laravel/vendor/laravel/framework/src/Illuminate/Foundation/Console/Kernel.php(447): Illuminate\\Foundation\\Application->bootstrapWith()
#4 /var/www/html/paymoney-laravel/vendor/laravel/framework/src/Illuminate/Foundation/Console/Kernel.php(199): Illuminate\\Foundation\\Console\\Kernel->bootstrap()
#5 Command line code(1): Illuminate\\Foundation\\Console\\Kernel->handle()
#6 {main}
"} 
[2026-03-25 16:28:39] laravel.EMERGENCY: Unable to create configured logger. Using emergency logger. {"exception":"[object] (InvalidArgumentException(code: 0): Log [] is not defined. at /var/www/html/paymoney-laravel/vendor/laravel/framework/src/Illuminate/Log/LogManager.php:212)
[stacktrace]
#0 /var/www/html/paymoney-laravel/vendor/laravel/framework/src/Illuminate/Log/LogManager.php(137): Illuminate\\Log\\LogManager->resolve()
#1 /var/www/html/paymoney-laravel/vendor/laravel/framework/src/Illuminate/Log/LogManager.php(124): Illuminate\\Log\\LogManager->get()
#2 /var/www/html/paymoney-laravel/vendor/laravel/framework/src/Illuminate/Log/LogManager.php(681): Illuminate\\Log\\LogManager->driver()
#3 /var/www/html/paymoney-laravel/vendor/laravel/framework/src/Illuminate/Foundation/Exceptions/Handler.php(317): Illuminate\\Log\\LogManager->error()
#4 /var/www/html/paymoney-laravel/vendor/laravel/framework/src/Illuminate/Foundation/Exceptions/Handler.php(278): Illuminate\\Foundation\\Exceptions\\Handler->reportThrowable()
#5 /var/www/html/paymoney-laravel/vendor/laravel/framework/src/Illuminate/Foundation/Console/Kernel.php(523): Illuminate\\Foundation\\Exceptions\\Handler->report()
#6 /var/www/html/paymoney-laravel/vendor/laravel/framework/src/Illuminate/Foundation/Console/Kernel.php(203): Illuminate\\Foundation\\Console\\Kernel->reportException()
#7 Command line code(1): Illuminate\\Foundation\\Console\\Kernel->handle()
#8 {main}
"} 
[2026-03-25 16:28:39] laravel.ERROR: Failed opening required '/var/www/html/paymoney-laravel/config/api-docs-endpoints.php' (include_path='.:/usr/share/php') {"exception":"[object] (Error(code: 0): Failed opening required '/var/www/html/paymoney-laravel/config/api-docs-endpoints.php' (include_path='.:/usr/share/php') at /var/www/html/paymoney-laravel/config/api-docs.php:46)
[stacktrace]
#0 /var/www/html/paymoney-laravel/vendor/laravel/framework/src/Illuminate/Foundation/Bootstrap/LoadConfiguration.php(70): require()
#1 /var/www/html/paymoney-laravel/vendor/laravel/framework/src/Illuminate/Foundation/Bootstrap/LoadConfiguration.php(39): Illuminate\\Foundation\\Bootstrap\\LoadConfiguration->loadConfigurationFiles()
#2 /var/www/html/paymoney-laravel/vendor/laravel/framework/src/Illuminate/Foundation/Application.php(263): Illuminate\\Foundation\\Bootstrap\\LoadConfiguration->bootstrap()
#3 /var/www/html/paymoney-laravel/vendor/laravel/framework/src/Illuminate/Foundation/Console/Kernel.php(447): Illuminate\\Foundation\\Application->bootstrapWith()
#4 /var/www/html/paymoney-laravel/vendor/laravel/framework/src/Illuminate/Foundation/Console/Kernel.php(199): Illuminate\\Foundation\\Console\\Kernel->bootstrap()
#5 Command line code(1): Illuminate\\Foundation\\Console\\Kernel->handle()
#6 {main}
"} 
[2026-03-25 16:28:39] laravel.EMERGENCY: Unable to create configured logger. Using emergency logger. {"exception":"[object] (InvalidArgumentException(code: 0): Log [] is not defined. at /var/www/html/paymoney-laravel/vendor/laravel/framework/src/Illuminate/Log/LogManager.php:212)
[stacktrace]
#0 /var/www/html/paymoney-laravel/vendor/laravel/framework/src/Illuminate/Log/LogManager.php(137): Illuminate\\Log\\LogManager->resolve()
#1 /var/www/html/paymoney-laravel/vendor/laravel/framework/src/Illuminate/Log/LogManager.php(124): Illuminate\\Log\\LogManager->get()
#2 /var/www/html/paymoney-laravel/vendor/laravel/framework/src/Illuminate/Log/LogManager.php(681): Illuminate\\Log\\LogManager->driver()
#3 /var/www/html/paymoney-laravel/vendor/laravel/framework/src/Illuminate/Foundation/Exceptions/Handler.php(317): Illuminate\\Log\\LogManager->error()
#4 /var/www/html/paymoney-laravel/vendor/laravel/framework/src/Illuminate/Foundation/Exceptions/Handler.php(278): Illuminate\\Foundation\\Exceptions\\Handler->reportThrowable()
#5 /var/www/html/paymoney-laravel/vendor/laravel/framework/src/Illuminate/Foundation/Console/Kernel.php(523): Illuminate\\Foundation\\Exceptions\\Handler->report()
#6 /var/www/html/paymoney-laravel/vendor/laravel/framework/src/Illuminate/Foundation/Console/Kernel.php(203): Illuminate\\Foundation\\Console\\Kernel->reportException()
#7 Command line code(1): Illuminate\\Foundation\\Console\\Kernel->handle()
#8 {main}
"} 
[2026-03-25 16:28:39] laravel.ERROR: Failed opening required '/var/www/html/paymoney-laravel/config/api-docs-endpoints.php' (include_path='.:/usr/share/php') {"exception":"[object] (Error(code: 0): Failed opening required '/var/www/html/paymoney-laravel/config/api-docs-endpoints.php' (include_path='.:/usr/share/php') at /var/www/html/paymoney-laravel/config/api-docs.php:46)
[stacktrace]
#0 /var/www/html/paymoney-laravel/vendor/laravel/framework/src/Illuminate/Foundation/Bootstrap/LoadConfiguration.php(70): require()
#1 /var/www/html/paymoney-laravel/vendor/laravel/framework/src/Illuminate/Foundation/Bootstrap/LoadConfiguration.php(39): Illuminate\\Foundation\\Bootstrap\\LoadConfiguration->loadConfigurationFiles()
#2 /var/www/html/paymoney-laravel/vendor/laravel/framework/src/Illuminate/Foundation/Application.php(263): Illuminate\\Foundation\\Bootstrap\\LoadConfiguration->bootstrap()
#3 /var/www/html/paymoney-laravel/vendor/laravel/framework/src/Illuminate/Foundation/Console/Kernel.php(447): Illuminate\\Foundation\\Application->bootstrapWith()
#4 /var/www/html/paymoney-laravel/vendor/laravel/framework/src/Illuminate/Foundation/Console/Kernel.php(199): Illuminate\\Foundation\\Console\\Kernel->bootstrap()
#5 Command line code(1): Illuminate\\Foundation\\Console\\Kernel->handle()
#6 {main}
"} 
[2026-03-25 16:29:39] laravel.EMERGENCY: Unable to create configured logger. Using emergency logger. {"exception":"[object] (InvalidArgumentException(code: 0): Log [] is not defined. at /var/www/html/paymoney-laravel/vendor/laravel/framework/src/Illuminate/Log/LogManager.php:212)
[stacktrace]
#0 /var/www/html/paymoney-laravel/vendor/laravel/framework/src/Illuminate/Log/LogManager.php(137): Illuminate\\Log\\LogManager->resolve()
#1 /var/www/html/paymoney-laravel/vendor/laravel/framework/src/Illuminate/Log/LogManager.php(124): Illuminate\\Log\\LogManager->get()
#2 /var/www/html/paymoney-laravel/vendor/laravel/framework/src/Illuminate/Log/LogManager.php(681): Illuminate\\Log\\LogManager->driver()
#3 /var/www/html/paymoney-laravel/vendor/laravel/framework/src/Illuminate/Foundation/Exceptions/Handler.php(317): Illuminate\\Log\\LogManager->error()
#4 /var/www/html/paymoney-laravel/vendor/laravel/framework/src/Illuminate/Foundation/Exceptions/Handler.php(278): Illuminate\\Foundation\\Exceptions\\Handler->reportThrowable()
#5 /var/www/html/paymoney-laravel/vendor/laravel/framework/src/Illuminate/Foundation/Console/Kernel.php(523): Illuminate\\Foundation\\Exceptions\\Handler->report()
#6 /var/www/html/paymoney-laravel/vendor/laravel/framework/src/Illuminate/Foundation/Console/Kernel.php(203): Illuminate\\Foundation\\Console\\Kernel->reportException()
#7 Command line code(1): Illuminate\\Foundation\\Console\\Kernel->handle()
#8 {main}
"} 
[2026-03-25 16:29:39] laravel.ERROR: Failed opening required '/var/www/html/paymoney-laravel/config/api-docs-endpoints.php' (include_path='.:/usr/share/php') {"exception":"[object] (Error(code: 0): Failed opening required '/var/www/html/paymoney-laravel/config/api-docs-endpoints.php' (include_path='.:/usr/share/php') at /var/www/html/paymoney-laravel/config/api-docs.php:46)
[stacktrace]
#0 /var/www/html/paymoney-laravel/vendor/laravel/framework/src/Illuminate/Foundation/Bootstrap/LoadConfiguration.php(70): require()
#1 /var/www/html/paymoney-laravel/vendor/laravel/framework/src/Illuminate/Foundation/Bootstrap/LoadConfiguration.php(39): Illuminate\\Foundation\\Bootstrap\\LoadConfiguration->loadConfigurationFiles()
#2 /var/www/html/paymoney-laravel/vendor/laravel/framework/src/Illuminate/Foundation/Application.php(263): Illuminate\\Foundation\\Bootstrap\\LoadConfiguration->bootstrap()
#3 /var/www/html/paymoney-laravel/vendor/laravel/framework/src/Illuminate/Foundation/Console/Kernel.php(447): Illuminate\\Foundation\\Application->bootstrapWith()
#4 /var/www/html/paymoney-laravel/vendor/laravel/framework/src/Illuminate/Foundation/Console/Kernel.php(199): Illuminate\\Foundation\\Console\\Kernel->bootstrap()
#5 Command line code(1): Illuminate\\Foundation\\Console\\Kernel->handle()
#6 {main}
"} 
[2026-03-25 16:29:39] laravel.EMERGENCY: Unable to create configured logger. Using emergency logger. {"exception":"[object] (InvalidArgumentException(code: 0): Log [] is not defined. at /var/www/html/paymoney-laravel/vendor/laravel/framework/src/Illuminate/Log/LogManager.php:212)
[stacktrace]
#0 /var/www/html/paymoney-laravel/vendor/laravel/framework/src/Illuminate/Log/LogManager.php(137): Illuminate\\Log\\LogManager->resolve()
#1 /var/www/html/paymoney-laravel/vendor/laravel/framework/src/Illuminate/Log/LogManager.php(124): Illuminate\\Log\\LogManager->get()
#2 /var/www/html/paymoney-laravel/vendor/laravel/framework/src/Illuminate/Log/LogManager.php(681): Illuminate\\Log\\LogManager->driver()
#3 /var/www/html/paymoney-laravel/vendor/laravel/framework/src/Illuminate/Foundation/Exceptions/Handler.php(317): Illuminate\\Log\\LogManager->error()
#4 /var/www/html/paymoney-laravel/vendor/laravel/framework/src/Illuminate/Foundation/Exceptions/Handler.php(278): Illuminate\\Foundation\\Exceptions\\Handler->reportThrowable()
#5 /var/www/html/paymoney-laravel/vendor/laravel/framework/src/Illuminate/Foundation/Console/Kernel.php(523): Illuminate\\Foundation\\Exceptions\\Handler->report()
#6 /var/www/html/paymoney-laravel/vendor/laravel/framework/src/Illuminate/Foundation/Console/Kernel.php(203): Illuminate\\Foundation\\Console\\Kernel->reportException()
#7 Command line code(1): Illuminate\\Foundation\\Console\\Kernel->handle()
#8 {main}
"} 
[2026-03-25 16:29:39] laravel.ERROR: Failed opening required '/var/www/html/paymoney-laravel/config/api-docs-endpoints.php' (include_path='.:/usr/share/php') {"exception":"[object] (Error(code: 0): Failed opening required '/var/www/html/paymoney-laravel/config/api-docs-endpoints.php' (include_path='.:/usr/share/php') at /var/www/html/paymoney-laravel/config/api-docs.php:46)
[stacktrace]
#0 /var/www/html/paymoney-laravel/vendor/laravel/framework/src/Illuminate/Foundation/Bootstrap/LoadConfiguration.php(70): require()
#1 /var/www/html/paymoney-laravel/vendor/laravel/framework/src/Illuminate/Foundation/Bootstrap/LoadConfiguration.php(39): Illuminate\\Foundation\\Bootstrap\\LoadConfiguration->loadConfigurationFiles()
#2 /var/www/html/paymoney-laravel/vendor/laravel/framework/src/Illuminate/Foundation/Application.php(263): Illuminate\\Foundation\\Bootstrap\\LoadConfiguration->bootstrap()
#3 /var/www/html/paymoney-laravel/vendor/laravel/framework/src/Illuminate/Foundation/Console/Kernel.php(447): Illuminate\\Foundation\\Application->bootstrapWith()
#4 /var/www/html/paymoney-laravel/vendor/laravel/framework/src/Illuminate/Foundation/Console/Kernel.php(199): Illuminate\\Foundation\\Console\\Kernel->bootstrap()
#5 Command line code(1): Illuminate\\Foundation\\Console\\Kernel->handle()
#6 {main}
"} 
[2026-03-25 16:29:39] laravel.EMERGENCY: Unable to create configured logger. Using emergency logger. {"exception":"[object] (InvalidArgumentException(code: 0): Log [] is not defined. at /var/www/html/paymoney-laravel/vendor/laravel/framework/src/Illuminate/Log/LogManager.php:212)
[stacktrace]
#0 /var/www/html/paymoney-laravel/vendor/laravel/framework/src/Illuminate/Log/LogManager.php(137): Illuminate\\Log\\LogManager->resolve()
#1 /var/www/html/paymoney-laravel/vendor/laravel/framework/src/Illuminate/Log/LogManager.php(124): Illuminate\\Log\\LogManager->get()
#2 /var/www/html/paymoney-laravel/vendor/laravel/framework/src/Illuminate/Log/LogManager.php(681): Illuminate\\Log\\LogManager->driver()
#3 /var/www/html/paymoney-laravel/vendor/laravel/framework/src/Illuminate/Foundation/Exceptions/Handler.php(317): Illuminate\\Log\\LogManager->error()
#4 /var/www/html/paymoney-laravel/vendor/laravel/framework/src/Illuminate/Foundation/Exceptions/Handler.php(278): Illuminate\\Foundation\\Exceptions\\Handler->reportThrowable()
#5 /var/www/html/paymoney-laravel/vendor/laravel/framework/src/Illuminate/Foundation/Console/Kernel.php(523): Illuminate\\Foundation\\Exceptions\\Handler->report()
#6 /var/www/html/paymoney-laravel/vendor/laravel/framework/src/Illuminate/Foundation/Console/Kernel.php(203): Illuminate\\Foundation\\Console\\Kernel->reportException()
#7 Command line code(1): Illuminate\\Foundation\\Console\\Kernel->handle()
#8 {main}
"} 
[2026-03-25 16:29:39] laravel.ERROR: Failed opening required '/var/www/html/paymoney-laravel/config/api-docs-endpoints.php' (include_path='.:/usr/share/php') {"exception":"[object] (Error(code: 0): Failed opening required '/var/www/html/paymoney-laravel/config/api-docs-endpoints.php' (include_path='.:/usr/share/php') at /var/www/html/paymoney-laravel/config/api-docs.php:46)
[stacktrace]
#0 /var/www/html/paymoney-laravel/vendor/laravel/framework/src/Illuminate/Foundation/Bootstrap/LoadConfiguration.php(70): require()
#1 /var/www/html/paymoney-laravel/vendor/laravel/framework/src/Illuminate/Foundation/Bootstrap/LoadConfiguration.php(39): Illuminate\\Foundation\\Bootstrap\\LoadConfiguration->loadConfigurationFiles()
#2 /var/www/html/paymoney-laravel/vendor/laravel/framework/src/Illuminate/Foundation/Application.php(263): Illuminate\\Foundation\\Bootstrap\\LoadConfiguration->bootstrap()
#3 /var/www/html/paymoney-laravel/vendor/laravel/framework/src/Illuminate/Foundation/Console/Kernel.php(447): Illuminate\\Foundation\\Application->bootstrapWith()
#4 /var/www/html/paymoney-laravel/vendor/laravel/framework/src/Illuminate/Foundation/Console/Kernel.php(199): Illuminate\\Foundation\\Console\\Kernel->bootstrap()
#5 Command line code(1): Illuminate\\Foundation\\Console\\Kernel->handle()
#6 {main}
"} 
[2026-03-25 16:30:39] laravel.EMERGENCY: Unable to create configured logger. Using emergency logger. {"exception":"[object] (InvalidArgumentException(code: 0): Log [] is not defined. at /var/www/html/paymoney-laravel/vendor/laravel/framework/src/Illuminate/Log/LogManager.php:212)
[stacktrace]
#0 /var/www/html/paymoney-laravel/vendor/laravel/framework/src/Illuminate/Log/LogManager.php(137): Illuminate\\Log\\LogManager->resolve()
#1 /var/www/html/paymoney-laravel/vendor/laravel/framework/src/Illuminate/Log/LogManager.php(124): Illuminate\\Log\\LogManager->get()
#2 /var/www/html/paymoney-laravel/vendor/laravel/framework/src/Illuminate/Log/LogManager.php(681): Illuminate\\Log\\LogManager->driver()
#3 /var/www/html/paymoney-laravel/vendor/laravel/framework/src/Illuminate/Foundation/Exceptions/Handler.php(317): Illuminate\\Log\\LogManager->error()
#4 /var/www/html/paymoney-laravel/vendor/laravel/framework/src/Illuminate/Foundation/Exceptions/Handler.php(278): Illuminate\\Foundation\\Exceptions\\Handler->reportThrowable()
#5 /var/www/html/paymoney-laravel/vendor/laravel/framework/src/Illuminate/Foundation/Console/Kernel.php(523): Illuminate\\Foundation\\Exceptions\\Handler->report()
#6 /var/www/html/paymoney-laravel/vendor/laravel/framework/src/Illuminate/Foundation/Console/Kernel.php(203): Illuminate\\Foundation\\Console\\Kernel->reportException()
#7 Command line code(1): Illuminate\\Foundation\\Console\\Kernel->handle()
#8 {main}
"} 
[2026-03-25 16:30:39] laravel.ERROR: Failed opening required '/var/www/html/paymoney-laravel/config/api-docs-endpoints.php' (include_path='.:/usr/share/php') {"exception":"[object] (Error(code: 0): Failed opening required '/var/www/html/paymoney-laravel/config/api-docs-endpoints.php' (include_path='.:/usr/share/php') at /var/www/html/paymoney-laravel/config/api-docs.php:46)
[stacktrace]
#0 /var/www/html/paymoney-laravel/vendor/laravel/framework/src/Illuminate/Foundation/Bootstrap/LoadConfiguration.php(70): require()
#1 /var/www/html/paymoney-laravel/vendor/laravel/framework/src/Illuminate/Foundation/Bootstrap/LoadConfiguration.php(39): Illuminate\\Foundation\\Bootstrap\\LoadConfiguration->loadConfigurationFiles()
#2 /var/www/html/paymoney-laravel/vendor/laravel/framework/src/Illuminate/Foundation/Application.php(263): Illuminate\\Foundation\\Bootstrap\\LoadConfiguration->bootstrap()
#3 /var/www/html/paymoney-laravel/vendor/laravel/framework/src/Illuminate/Foundation/Console/Kernel.php(447): Illuminate\\Foundation\\Application->bootstrapWith()
#4 /var/www/html/paymoney-laravel/vendor/laravel/framework/src/Illuminate/Foundation/Console/Kernel.php(199): Illuminate\\Foundation\\Console\\Kernel->bootstrap()
#5 Command line code(1): Illuminate\\Foundation\\Console\\Kernel->handle()
#6 {main}
"} 
[2026-03-25 16:30:39] laravel.EMERGENCY: Unable to create configured logger. Using emergency logger. {"exception":"[object] (InvalidArgumentException(code: 0): Log [] is not defined. at /var/www/html/paymoney-laravel/vendor/laravel/framework/src/Illuminate/Log/LogManager.php:212)
[stacktrace]
#0 /var/www/html/paymoney-laravel/vendor/laravel/framework/src/Illuminate/Log/LogManager.php(137): Illuminate\\Log\\LogManager->resolve()
#1 /var/www/html/paymoney-laravel/vendor/laravel/framework/src/Illuminate/Log/LogManager.php(124): Illuminate\\Log\\LogManager->get()
#2 /var/www/html/paymoney-laravel/vendor/laravel/framework/src/Illuminate/Log/LogManager.php(681): Illuminate\\Log\\LogManager->driver()
#3 /var/www/html/paymoney-laravel/vendor/laravel/framework/src/Illuminate/Foundation/Exceptions/Handler.php(317): Illuminate\\Log\\LogManager->error()
#4 /var/www/html/paymoney-laravel/vendor/laravel/framework/src/Illuminate/Foundation/Exceptions/Handler.php(278): Illuminate\\Foundation\\Exceptions\\Handler->reportThrowable()
#5 /var/www/html/paymoney-laravel/vendor/laravel/framework/src/Illuminate/Foundation/Console/Kernel.php(523): Illuminate\\Foundation\\Exceptions\\Handler->report()
#6 /var/www/html/paymoney-laravel/vendor/laravel/framework/src/Illuminate/Foundation/Console/Kernel.php(203): Illuminate\\Foundation\\Console\\Kernel->reportException()
#7 Command line code(1): Illuminate\\Foundation\\Console\\Kernel->handle()
#8 {main}
"} 
[2026-03-25 16:30:39] laravel.ERROR: Failed opening required '/var/www/html/paymoney-laravel/config/api-docs-endpoints.php' (include_path='.:/usr/share/php') {"exception":"[object] (Error(code: 0): Failed opening required '/var/www/html/paymoney-laravel/config/api-docs-endpoints.php' (include_path='.:/usr/share/php') at /var/www/html/paymoney-laravel/config/api-docs.php:46)
[stacktrace]
#0 /var/www/html/paymoney-laravel/vendor/laravel/framework/src/Illuminate/Foundation/Bootstrap/LoadConfiguration.php(70): require()
#1 /var/www/html/paymoney-laravel/vendor/laravel/framework/src/Illuminate/Foundation/Bootstrap/LoadConfiguration.php(39): Illuminate\\Foundation\\Bootstrap\\LoadConfiguration->loadConfigurationFiles()
#2 /var/www/html/paymoney-laravel/vendor/laravel/framework/src/Illuminate/Foundation/Application.php(263): Illuminate\\Foundation\\Bootstrap\\LoadConfiguration->bootstrap()
#3 /var/www/html/paymoney-laravel/vendor/laravel/framework/src/Illuminate/Foundation/Console/Kernel.php(447): Illuminate\\Foundation\\Application->bootstrapWith()
#4 /var/www/html/paymoney-laravel/vendor/laravel/framework/src/Illuminate/Foundation/Console/Kernel.php(199): Illuminate\\Foundation\\Console\\Kernel->bootstrap()
#5 Command line code(1): Illuminate\\Foundation\\Console\\Kernel->handle()
#6 {main}
"} 
[2026-03-25 16:31:39] laravel.EMERGENCY: Unable to create configured logger. Using emergency logger. {"exception":"[object] (InvalidArgumentException(code: 0): Log [] is not defined. at /var/www/html/paymoney-laravel/vendor/laravel/framework/src/Illuminate/Log/LogManager.php:212)
[stacktrace]
#0 /var/www/html/paymoney-laravel/vendor/laravel/framework/src/Illuminate/Log/LogManager.php(137): Illuminate\\Log\\LogManager->resolve()
#1 /var/www/html/paymoney-laravel/vendor/laravel/framework/src/Illuminate/Log/LogManager.php(124): Illuminate\\Log\\LogManager->get()
#2 /var/www/html/paymoney-laravel/vendor/laravel/framework/src/Illuminate/Log/LogManager.php(681): Illuminate\\Log\\LogManager->driver()
#3 /var/www/html/paymoney-laravel/vendor/laravel/framework/src/Illuminate/Foundation/Exceptions/Handler.php(317): Illuminate\\Log\\LogManager->error()
#4 /var/www/html/paymoney-laravel/vendor/laravel/framework/src/Illuminate/Foundation/Exceptions/Handler.php(278): Illuminate\\Foundation\\Exceptions\\Handler->reportThrowable()
#5 /var/www/html/paymoney-laravel/vendor/laravel/framework/src/Illuminate/Foundation/Console/Kernel.php(523): Illuminate\\Foundation\\Exceptions\\Handler->report()
#6 /var/www/html/paymoney-laravel/vendor/laravel/framework/src/Illuminate/Foundation/Console/Kernel.php(203): Illuminate\\Foundation\\Console\\Kernel->reportException()
#7 Command line code(1): Illuminate\\Foundation\\Console\\Kernel->handle()
#8 {main}
"} 
[2026-03-25 16:31:39] laravel.ERROR: Failed opening required '/var/www/html/paymoney-laravel/config/api-docs-endpoints.php' (include_path='.:/usr/share/php') {"exception":"[object] (Error(code: 0): Failed opening required '/var/www/html/paymoney-laravel/config/api-docs-endpoints.php' (include_path='.:/usr/share/php') at /var/www/html/paymoney-laravel/config/api-docs.php:46)
[stacktrace]
#0 /var/www/html/paymoney-laravel/vendor/laravel/framework/src/Illuminate/Foundation/Bootstrap/LoadConfiguration.php(70): require()
#1 /var/www/html/paymoney-laravel/vendor/laravel/framework/src/Illuminate/Foundation/Bootstrap/LoadConfiguration.php(39): Illuminate\\Foundation\\Bootstrap\\LoadConfiguration->loadConfigurationFiles()
#2 /var/www/html/paymoney-laravel/vendor/laravel/framework/src/Illuminate/Foundation/Application.php(263): Illuminate\\Foundation\\Bootstrap\\LoadConfiguration->bootstrap()
#3 /var/www/html/paymoney-laravel/vendor/laravel/framework/src/Illuminate/Foundation/Console/Kernel.php(447): Illuminate\\Foundation\\Application->bootstrapWith()
#4 /var/www/html/paymoney-laravel/vendor/laravel/framework/src/Illuminate/Foundation/Console/Kernel.php(199): Illuminate\\Foundation\\Console\\Kernel->bootstrap()
#5 Command line code(1): Illuminate\\Foundation\\Console\\Kernel->handle()
#6 {main}
"} 
[2026-03-25 16:31:39] laravel.EMERGENCY: Unable to create configured logger. Using emergency logger. {"exception":"[object] (InvalidArgumentException(code: 0): Log [] is not defined. at /var/www/html/paymoney-laravel/vendor/laravel/framework/src/Illuminate/Log/LogManager.php:212)
[stacktrace]
#0 /var/www/html/paymoney-laravel/vendor/laravel/framework/src/Illuminate/Log/LogManager.php(137): Illuminate\\Log\\LogManager->resolve()
#1 /var/www/html/paymoney-laravel/vendor/laravel/framework/src/Illuminate/Log/LogManager.php(124): Illuminate\\Log\\LogManager->get()
#2 /var/www/html/paymoney-laravel/vendor/laravel/framework/src/Illuminate/Log/LogManager.php(681): Illuminate\\Log\\LogManager->driver()
#3 /var/www/html/paymoney-laravel/vendor/laravel/framework/src/Illuminate/Foundation/Exceptions/Handler.php(317): Illuminate\\Log\\LogManager->error()
#4 /var/www/html/paymoney-laravel/vendor/laravel/framework/src/Illuminate/Foundation/Exceptions/Handler.php(278): Illuminate\\Foundation\\Exceptions\\Handler->reportThrowable()
#5 /var/www/html/paymoney-laravel/vendor/laravel/framework/src/Illuminate/Foundation/Console/Kernel.php(523): Illuminate\\Foundation\\Exceptions\\Handler->report()
#6 /var/www/html/paymoney-laravel/vendor/laravel/framework/src/Illuminate/Foundation/Console/Kernel.php(203): Illuminate\\Foundation\\Console\\Kernel->reportException()
#7 Command line code(1): Illuminate\\Foundation\\Console\\Kernel->handle()
#8 {main}
"} 
[2026-03-25 16:31:39] laravel.ERROR: Failed opening required '/var/www/html/paymoney-laravel/config/api-docs-endpoints.php' (include_path='.:/usr/share/php') {"exception":"[object] (Error(code: 0): Failed opening required '/var/www/html/paymoney-laravel/config/api-docs-endpoints.php' (include_path='.:/usr/share/php') at /var/www/html/paymoney-laravel/config/api-docs.php:46)
[stacktrace]
#0 /var/www/html/paymoney-laravel/vendor/laravel/framework/src/Illuminate/Foundation/Bootstrap/LoadConfiguration.php(70): require()
#1 /var/www/html/paymoney-laravel/vendor/laravel/framework/src/Illuminate/Foundation/Bootstrap/LoadConfiguration.php(39): Illuminate\\Foundation\\Bootstrap\\LoadConfiguration->loadConfigurationFiles()
#2 /var/www/html/paymoney-laravel/vendor/laravel/framework/src/Illuminate/Foundation/Application.php(263): Illuminate\\Foundation\\Bootstrap\\LoadConfiguration->bootstrap()
#3 /var/www/html/paymoney-laravel/vendor/laravel/framework/src/Illuminate/Foundation/Console/Kernel.php(447): Illuminate\\Foundation\\Application->bootstrapWith()
#4 /var/www/html/paymoney-laravel/vendor/laravel/framework/src/Illuminate/Foundation/Console/Kernel.php(199): Illuminate\\Foundation\\Console\\Kernel->bootstrap()
#5 Command line code(1): Illuminate\\Foundation\\Console\\Kernel->handle()
#6 {main}
"} 
[2026-03-25 16:32:39] laravel.EMERGENCY: Unable to create configured logger. Using emergency logger. {"exception":"[object] (InvalidArgumentException(code: 0): Log [] is not defined. at /var/www/html/paymoney-laravel/vendor/laravel/framework/src/Illuminate/Log/LogManager.php:212)
[stacktrace]
#0 /var/www/html/paymoney-laravel/vendor/laravel/framework/src/Illuminate/Log/LogManager.php(137): Illuminate\\Log\\LogManager->resolve()
#1 /var/www/html/paymoney-laravel/vendor/laravel/framework/src/Illuminate/Log/LogManager.php(124): Illuminate\\Log\\LogManager->get()
#2 /var/www/html/paymoney-laravel/vendor/laravel/framework/src/Illuminate/Log/LogManager.php(681): Illuminate\\Log\\LogManager->driver()
#3 /var/www/html/paymoney-laravel/vendor/laravel/framework/src/Illuminate/Foundation/Exceptions/Handler.php(317): Illuminate\\Log\\LogManager->error()
#4 /var/www/html/paymoney-laravel/vendor/laravel/framework/src/Illuminate/Foundation/Exceptions/Handler.php(278): Illuminate\\Foundation\\Exceptions\\Handler->reportThrowable()
#5 /var/www/html/paymoney-laravel/vendor/laravel/framework/src/Illuminate/Foundation/Console/Kernel.php(523): Illuminate\\Foundation\\Exceptions\\Handler->report()
#6 /var/www/html/paymoney-laravel/vendor/laravel/framework/src/Illuminate/Foundation/Console/Kernel.php(203): Illuminate\\Foundation\\Console\\Kernel->reportException()
#7 Command line code(1): Illuminate\\Foundation\\Console\\Kernel->handle()
#8 {main}
"} 
[2026-03-25 16:32:39] laravel.ERROR: Failed opening required '/var/www/html/paymoney-laravel/config/api-docs-endpoints.php' (include_path='.:/usr/share/php') {"exception":"[object] (Error(code: 0): Failed opening required '/var/www/html/paymoney-laravel/config/api-docs-endpoints.php' (include_path='.:/usr/share/php') at /var/www/html/paymoney-laravel/config/api-docs.php:46)
[stacktrace]
#0 /var/www/html/paymoney-laravel/vendor/laravel/framework/src/Illuminate/Foundation/Bootstrap/LoadConfiguration.php(70): require()
#1 /var/www/html/paymoney-laravel/vendor/laravel/framework/src/Illuminate/Foundation/Bootstrap/LoadConfiguration.php(39): Illuminate\\Foundation\\Bootstrap\\LoadConfiguration->loadConfigurationFiles()
#2 /var/www/html/paymoney-laravel/vendor/laravel/framework/src/Illuminate/Foundation/Application.php(263): Illuminate\\Foundation\\Bootstrap\\LoadConfiguration->bootstrap()
#3 /var/www/html/paymoney-laravel/vendor/laravel/framework/src/Illuminate/Foundation/Console/Kernel.php(447): Illuminate\\Foundation\\Application->bootstrapWith()
#4 /var/www/html/paymoney-laravel/vendor/laravel/framework/src/Illuminate/Foundation/Console/Kernel.php(199): Illuminate\\Foundation\\Console\\Kernel->bootstrap()
#5 Command line code(1): Illuminate\\Foundation\\Console\\Kernel->handle()
#6 {main}
"} 
[2026-03-25 16:32:39] laravel.EMERGENCY: Unable to create configured logger. Using emergency logger. {"exception":"[object] (InvalidArgumentException(code: 0): Log [] is not defined. at /var/www/html/paymoney-laravel/vendor/laravel/framework/src/Illuminate/Log/LogManager.php:212)
[stacktrace]
#0 /var/www/html/paymoney-laravel/vendor/laravel/framework/src/Illuminate/Log/LogManager.php(137): Illuminate\\Log\\LogManager->resolve()
#1 /var/www/html/paymoney-laravel/vendor/laravel/framework/src/Illuminate/Log/LogManager.php(124): Illuminate\\Log\\LogManager->get()
#2 /var/www/html/paymoney-laravel/vendor/laravel/framework/src/Illuminate/Log/LogManager.php(681): Illuminate\\Log\\LogManager->driver()
#3 /var/www/html/paymoney-laravel/vendor/laravel/framework/src/Illuminate/Foundation/Exceptions/Handler.php(317): Illuminate\\Log\\LogManager->error()
#4 /var/www/html/paymoney-laravel/vendor/laravel/framework/src/Illuminate/Foundation/Exceptions/Handler.php(278): Illuminate\\Foundation\\Exceptions\\Handler->reportThrowable()
#5 /var/www/html/paymoney-laravel/vendor/laravel/framework/src/Illuminate/Foundation/Console/Kernel.php(523): Illuminate\\Foundation\\Exceptions\\Handler->report()
#6 /var/www/html/paymoney-laravel/vendor/laravel/framework/src/Illuminate/Foundation/Console/Kernel.php(203): Illuminate\\Foundation\\Console\\Kernel->reportException()
#7 Command line code(1): Illuminate\\Foundation\\Console\\Kernel->handle()
#8 {main}
"} 
[2026-03-25 16:32:39] laravel.ERROR: Failed opening required '/var/www/html/paymoney-laravel/config/api-docs-endpoints.php' (include_path='.:/usr/share/php') {"exception":"[object] (Error(code: 0): Failed opening required '/var/www/html/paymoney-laravel/config/api-docs-endpoints.php' (include_path='.:/usr/share/php') at /var/www/html/paymoney-laravel/config/api-docs.php:46)
[stacktrace]
#0 /var/www/html/paymoney-laravel/vendor/laravel/framework/src/Illuminate/Foundation/Bootstrap/LoadConfiguration.php(70): require()
#1 /var/www/html/paymoney-laravel/vendor/laravel/framework/src/Illuminate/Foundation/Bootstrap/LoadConfiguration.php(39): Illuminate\\Foundation\\Bootstrap\\LoadConfiguration->loadConfigurationFiles()
#2 /var/www/html/paymoney-laravel/vendor/laravel/framework/src/Illuminate/Foundation/Application.php(263): Illuminate\\Foundation\\Bootstrap\\LoadConfiguration->bootstrap()
#3 /var/www/html/paymoney-laravel/vendor/laravel/framework/src/Illuminate/Foundation/Console/Kernel.php(447): Illuminate\\Foundation\\Application->bootstrapWith()
#4 /var/www/html/paymoney-laravel/vendor/laravel/framework/src/Illuminate/Foundation/Console/Kernel.php(199): Illuminate\\Foundation\\Console\\Kernel->bootstrap()
#5 Command line code(1): Illuminate\\Foundation\\Console\\Kernel->handle()
#6 {main}
"} 
[2026-03-25 16:33:39] laravel.EMERGENCY: Unable to create configured logger. Using emergency logger. {"exception":"[object] (InvalidArgumentException(code: 0): Log [] is not defined. at /var/www/html/paymoney-laravel/vendor/laravel/framework/src/Illuminate/Log/LogManager.php:212)
[stacktrace]
#0 /var/www/html/paymoney-laravel/vendor/laravel/framework/src/Illuminate/Log/LogManager.php(137): Illuminate\\Log\\LogManager->resolve()
#1 /var/www/html/paymoney-laravel/vendor/laravel/framework/src/Illuminate/Log/LogManager.php(124): Illuminate\\Log\\LogManager->get()
#2 /var/www/html/paymoney-laravel/vendor/laravel/framework/src/Illuminate/Log/LogManager.php(681): Illuminate\\Log\\LogManager->driver()
#3 /var/www/html/paymoney-laravel/vendor/laravel/framework/src/Illuminate/Foundation/Exceptions/Handler.php(317): Illuminate\\Log\\LogManager->error()
#4 /var/www/html/paymoney-laravel/vendor/laravel/framework/src/Illuminate/Foundation/Exceptions/Handler.php(278): Illuminate\\Foundation\\Exceptions\\Handler->reportThrowable()
#5 /var/www/html/paymoney-laravel/vendor/laravel/framework/src/Illuminate/Foundation/Console/Kernel.php(523): Illuminate\\Foundation\\Exceptions\\Handler->report()
#6 /var/www/html/paymoney-laravel/vendor/laravel/framework/src/Illuminate/Foundation/Console/Kernel.php(203): Illuminate\\Foundation\\Console\\Kernel->reportException()
#7 Command line code(1): Illuminate\\Foundation\\Console\\Kernel->handle()
#8 {main}
"} 
[2026-03-25 16:33:39] laravel.ERROR: Failed opening required '/var/www/html/paymoney-laravel/config/api-docs-endpoints.php' (include_path='.:/usr/share/php') {"exception":"[object] (Error(code: 0): Failed opening required '/var/www/html/paymoney-laravel/config/api-docs-endpoints.php' (include_path='.:/usr/share/php') at /var/www/html/paymoney-laravel/config/api-docs.php:46)
[stacktrace]
#0 /var/www/html/paymoney-laravel/vendor/laravel/framework/src/Illuminate/Foundation/Bootstrap/LoadConfiguration.php(70): require()
#1 /var/www/html/paymoney-laravel/vendor/laravel/framework/src/Illuminate/Foundation/Bootstrap/LoadConfiguration.php(39): Illuminate\\Foundation\\Bootstrap\\LoadConfiguration->loadConfigurationFiles()
#2 /var/www/html/paymoney-laravel/vendor/laravel/framework/src/Illuminate/Foundation/Application.php(263): Illuminate\\Foundation\\Bootstrap\\LoadConfiguration->bootstrap()
#3 /var/www/html/paymoney-laravel/vendor/laravel/framework/src/Illuminate/Foundation/Console/Kernel.php(447): Illuminate\\Foundation\\Application->bootstrapWith()
#4 /var/www/html/paymoney-laravel/vendor/laravel/framework/src/Illuminate/Foundation/Console/Kernel.php(199): Illuminate\\Foundation\\Console\\Kernel->bootstrap()
#5 Command line code(1): Illuminate\\Foundation\\Console\\Kernel->handle()
#6 {main}
"} 
[2026-03-25 16:33:39] laravel.EMERGENCY: Unable to create configured logger. Using emergency logger. {"exception":"[object] (InvalidArgumentException(code: 0): Log [] is not defined. at /var/www/html/paymoney-laravel/vendor/laravel/framework/src/Illuminate/Log/LogManager.php:212)
[stacktrace]
#0 /var/www/html/paymoney-laravel/vendor/laravel/framework/src/Illuminate/Log/LogManager.php(137): Illuminate\\Log\\LogManager->resolve()
#1 /var/www/html/paymoney-laravel/vendor/laravel/framework/src/Illuminate/Log/LogManager.php(124): Illuminate\\Log\\LogManager->get()
#2 /var/www/html/paymoney-laravel/vendor/laravel/framework/src/Illuminate/Log/LogManager.php(681): Illuminate\\Log\\LogManager->driver()
#3 /var/www/html/paymoney-laravel/vendor/laravel/framework/src/Illuminate/Foundation/Exceptions/Handler.php(317): Illuminate\\Log\\LogManager->error()
#4 /var/www/html/paymoney-laravel/vendor/laravel/framework/src/Illuminate/Foundation/Exceptions/Handler.php(278): Illuminate\\Foundation\\Exceptions\\Handler->reportThrowable()
#5 /var/www/html/paymoney-laravel/vendor/laravel/framework/src/Illuminate/Foundation/Console/Kernel.php(523): Illuminate\\Foundation\\Exceptions\\Handler->report()
#6 /var/www/html/paymoney-laravel/vendor/laravel/framework/src/Illuminate/Foundation/Console/Kernel.php(203): Illuminate\\Foundation\\Console\\Kernel->reportException()
#7 Command line code(1): Illuminate\\Foundation\\Console\\Kernel->handle()
#8 {main}
"} 
[2026-03-25 16:33:39] laravel.ERROR: Failed opening required '/var/www/html/paymoney-laravel/config/api-docs-endpoints.php' (include_path='.:/usr/share/php') {"exception":"[object] (Error(code: 0): Failed opening required '/var/www/html/paymoney-laravel/config/api-docs-endpoints.php' (include_path='.:/usr/share/php') at /var/www/html/paymoney-laravel/config/api-docs.php:46)
[stacktrace]
#0 /var/www/html/paymoney-laravel/vendor/laravel/framework/src/Illuminate/Foundation/Bootstrap/LoadConfiguration.php(70): require()
#1 /var/www/html/paymoney-laravel/vendor/laravel/framework/src/Illuminate/Foundation/Bootstrap/LoadConfiguration.php(39): Illuminate\\Foundation\\Bootstrap\\LoadConfiguration->loadConfigurationFiles()
#2 /var/www/html/paymoney-laravel/vendor/laravel/framework/src/Illuminate/Foundation/Application.php(263): Illuminate\\Foundation\\Bootstrap\\LoadConfiguration->bootstrap()
#3 /var/www/html/paymoney-laravel/vendor/laravel/framework/src/Illuminate/Foundation/Console/Kernel.php(447): Illuminate\\Foundation\\Application->bootstrapWith()
#4 /var/www/html/paymoney-laravel/vendor/laravel/framework/src/Illuminate/Foundation/Console/Kernel.php(199): Illuminate\\Foundation\\Console\\Kernel->bootstrap()
#5 Command line code(1): Illuminate\\Foundation\\Console\\Kernel->handle()
#6 {main}
"} 
[2026-03-25 16:34:57] laravel.EMERGENCY: Unable to create configured logger. Using emergency logger. {"exception":"[object] (InvalidArgumentException(code: 0): Log [] is not defined. at /var/www/html/paymoney-laravel/vendor/laravel/framework/src/Illuminate/Log/LogManager.php:212)
[stacktrace]
#0 /var/www/html/paymoney-laravel/vendor/laravel/framework/src/Illuminate/Log/LogManager.php(137): Illuminate\\Log\\LogManager->resolve()
#1 /var/www/html/paymoney-laravel/vendor/laravel/framework/src/Illuminate/Log/LogManager.php(124): Illuminate\\Log\\LogManager->get()
#2 /var/www/html/paymoney-laravel/vendor/laravel/framework/src/Illuminate/Log/LogManager.php(681): Illuminate\\Log\\LogManager->driver()
#3 /var/www/html/paymoney-laravel/vendor/laravel/framework/src/Illuminate/Foundation/Exceptions/Handler.php(317): Illuminate\\Log\\LogManager->error()
#4 /var/www/html/paymoney-laravel/vendor/laravel/framework/src/Illuminate/Foundation/Exceptions/Handler.php(278): Illuminate\\Foundation\\Exceptions\\Handler->reportThrowable()
#5 /var/www/html/paymoney-laravel/vendor/laravel/framework/src/Illuminate/Foundation/Console/Kernel.php(523): Illuminate\\Foundation\\Exceptions\\Handler->report()
#6 /var/www/html/paymoney-laravel/vendor/laravel/framework/src/Illuminate/Foundation/Console/Kernel.php(203): Illuminate\\Foundation\\Console\\Kernel->reportException()
#7 Command line code(1): Illuminate\\Foundation\\Console\\Kernel->handle()
#8 {main}
"} 
[2026-03-25 16:34:57] laravel.ERROR: Failed opening required '/var/www/html/paymoney-laravel/config/api-docs-endpoints.php' (include_path='.:/usr/share/php') {"exception":"[object] (Error(code: 0): Failed opening required '/var/www/html/paymoney-laravel/config/api-docs-endpoints.php' (include_path='.:/usr/share/php') at /var/www/html/paymoney-laravel/config/api-docs.php:46)
[stacktrace]
#0 /var/www/html/paymoney-laravel/vendor/laravel/framework/src/Illuminate/Foundation/Bootstrap/LoadConfiguration.php(70): require()
#1 /var/www/html/paymoney-laravel/vendor/laravel/framework/src/Illuminate/Foundation/Bootstrap/LoadConfiguration.php(39): Illuminate\\Foundation\\Bootstrap\\LoadConfiguration->loadConfigurationFiles()
#2 /var/www/html/paymoney-laravel/vendor/laravel/framework/src/Illuminate/Foundation/Application.php(263): Illuminate\\Foundation\\Bootstrap\\LoadConfiguration->bootstrap()
#3 /var/www/html/paymoney-laravel/vendor/laravel/framework/src/Illuminate/Foundation/Console/Kernel.php(447): Illuminate\\Foundation\\Application->bootstrapWith()
#4 /var/www/html/paymoney-laravel/vendor/laravel/framework/src/Illuminate/Foundation/Console/Kernel.php(199): Illuminate\\Foundation\\Console\\Kernel->bootstrap()
#5 Command line code(1): Illuminate\\Foundation\\Console\\Kernel->handle()
#6 {main}
"} 
[2026-03-25 16:34:57] laravel.EMERGENCY: Unable to create configured logger. Using emergency logger. {"exception":"[object] (InvalidArgumentException(code: 0): Log [] is not defined. at /var/www/html/paymoney-laravel/vendor/laravel/framework/src/Illuminate/Log/LogManager.php:212)
[stacktrace]
#0 /var/www/html/paymoney-laravel/vendor/laravel/framework/src/Illuminate/Log/LogManager.php(137): Illuminate\\Log\\LogManager->resolve()
#1 /var/www/html/paymoney-laravel/vendor/laravel/framework/src/Illuminate/Log/LogManager.php(124): Illuminate\\Log\\LogManager->get()
#2 /var/www/html/paymoney-laravel/vendor/laravel/framework/src/Illuminate/Log/LogManager.php(681): Illuminate\\Log\\LogManager->driver()
#3 /var/www/html/paymoney-laravel/vendor/laravel/framework/src/Illuminate/Foundation/Exceptions/Handler.php(317): Illuminate\\Log\\LogManager->error()
#4 /var/www/html/paymoney-laravel/vendor/laravel/framework/src/Illuminate/Foundation/Exceptions/Handler.php(278): Illuminate\\Foundation\\Exceptions\\Handler->reportThrowable()
#5 /var/www/html/paymoney-laravel/vendor/laravel/framework/src/Illuminate/Foundation/Console/Kernel.php(523): Illuminate\\Foundation\\Exceptions\\Handler->report()
#6 /var/www/html/paymoney-laravel/vendor/laravel/framework/src/Illuminate/Foundation/Console/Kernel.php(203): Illuminate\\Foundation\\Console\\Kernel->reportException()
#7 Command line code(1): Illuminate\\Foundation\\Console\\Kernel->handle()
#8 {main}
"} 
[2026-03-25 16:34:57] laravel.ERROR: Failed opening required '/var/www/html/paymoney-laravel/config/api-docs-endpoints.php' (include_path='.:/usr/share/php') {"exception":"[object] (Error(code: 0): Failed opening required '/var/www/html/paymoney-laravel/config/api-docs-endpoints.php' (include_path='.:/usr/share/php') at /var/www/html/paymoney-laravel/config/api-docs.php:46)
[stacktrace]
#0 /var/www/html/paymoney-laravel/vendor/laravel/framework/src/Illuminate/Foundation/Bootstrap/LoadConfiguration.php(70): require()
#1 /var/www/html/paymoney-laravel/vendor/laravel/framework/src/Illuminate/Foundation/Bootstrap/LoadConfiguration.php(39): Illuminate\\Foundation\\Bootstrap\\LoadConfiguration->loadConfigurationFiles()
#2 /var/www/html/paymoney-laravel/vendor/laravel/framework/src/Illuminate/Foundation/Application.php(263): Illuminate\\Foundation\\Bootstrap\\LoadConfiguration->bootstrap()
#3 /var/www/html/paymoney-laravel/vendor/laravel/framework/src/Illuminate/Foundation/Console/Kernel.php(447): Illuminate\\Foundation\\Application->bootstrapWith()
#4 /var/www/html/paymoney-laravel/vendor/laravel/framework/src/Illuminate/Foundation/Console/Kernel.php(199): Illuminate\\Foundation\\Console\\Kernel->bootstrap()
#5 Command line code(1): Illuminate\\Foundation\\Console\\Kernel->handle()
#6 {main}
"} 
[2026-03-25 16:34:57] laravel.EMERGENCY: Unable to create configured logger. Using emergency logger. {"exception":"[object] (InvalidArgumentException(code: 0): Log [] is not defined. at /var/www/html/paymoney-laravel/vendor/laravel/framework/src/Illuminate/Log/LogManager.php:212)
[stacktrace]
#0 /var/www/html/paymoney-laravel/vendor/laravel/framework/src/Illuminate/Log/LogManager.php(137): Illuminate\\Log\\LogManager->resolve()
#1 /var/www/html/paymoney-laravel/vendor/laravel/framework/src/Illuminate/Log/LogManager.php(124): Illuminate\\Log\\LogManager->get()
#2 /var/www/html/paymoney-laravel/vendor/laravel/framework/src/Illuminate/Log/LogManager.php(681): Illuminate\\Log\\LogManager->driver()
#3 /var/www/html/paymoney-laravel/vendor/laravel/framework/src/Illuminate/Foundation/Exceptions/Handler.php(317): Illuminate\\Log\\LogManager->error()
#4 /var/www/html/paymoney-laravel/vendor/laravel/framework/src/Illuminate/Foundation/Exceptions/Handler.php(278): Illuminate\\Foundation\\Exceptions\\Handler->reportThrowable()
#5 /var/www/html/paymoney-laravel/vendor/laravel/framework/src/Illuminate/Foundation/Console/Kernel.php(523): Illuminate\\Foundation\\Exceptions\\Handler->report()
#6 /var/www/html/paymoney-laravel/vendor/laravel/framework/src/Illuminate/Foundation/Console/Kernel.php(203): Illuminate\\Foundation\\Console\\Kernel->reportException()
#7 Command line code(1): Illuminate\\Foundation\\Console\\Kernel->handle()
#8 {main}
"} 
[2026-03-25 16:34:57] laravel.ERROR: Failed opening required '/var/www/html/paymoney-laravel/config/api-docs-endpoints.php' (include_path='.:/usr/share/php') {"exception":"[object] (Error(code: 0): Failed opening required '/var/www/html/paymoney-laravel/config/api-docs-endpoints.php' (include_path='.:/usr/share/php') at /var/www/html/paymoney-laravel/config/api-docs.php:46)
[stacktrace]
#0 /var/www/html/paymoney-laravel/vendor/laravel/framework/src/Illuminate/Foundation/Bootstrap/LoadConfiguration.php(70): require()
#1 /var/www/html/paymoney-laravel/vendor/laravel/framework/src/Illuminate/Foundation/Bootstrap/LoadConfiguration.php(39): Illuminate\\Foundation\\Bootstrap\\LoadConfiguration->loadConfigurationFiles()
#2 /var/www/html/paymoney-laravel/vendor/laravel/framework/src/Illuminate/Foundation/Application.php(263): Illuminate\\Foundation\\Bootstrap\\LoadConfiguration->bootstrap()
#3 /var/www/html/paymoney-laravel/vendor/laravel/framework/src/Illuminate/Foundation/Console/Kernel.php(447): Illuminate\\Foundation\\Application->bootstrapWith()
#4 /var/www/html/paymoney-laravel/vendor/laravel/framework/src/Illuminate/Foundation/Console/Kernel.php(199): Illuminate\\Foundation\\Console\\Kernel->bootstrap()
#5 Command line code(1): Illuminate\\Foundation\\Console\\Kernel->handle()
#6 {main}
"} 
[2026-03-25 16:34:57] laravel.EMERGENCY: Unable to create configured logger. Using emergency logger. {"exception":"[object] (InvalidArgumentException(code: 0): Log [] is not defined. at /var/www/html/paymoney-laravel/vendor/laravel/framework/src/Illuminate/Log/LogManager.php:212)
[stacktrace]
#0 /var/www/html/paymoney-laravel/vendor/laravel/framework/src/Illuminate/Log/LogManager.php(137): Illuminate\\Log\\LogManager->resolve()
#1 /var/www/html/paymoney-laravel/vendor/laravel/framework/src/Illuminate/Log/LogManager.php(124): Illuminate\\Log\\LogManager->get()
#2 /var/www/html/paymoney-laravel/vendor/laravel/framework/src/Illuminate/Log/LogManager.php(681): Illuminate\\Log\\LogManager->driver()
#3 /var/www/html/paymoney-laravel/vendor/laravel/framework/src/Illuminate/Foundation/Exceptions/Handler.php(317): Illuminate\\Log\\LogManager->error()
#4 /var/www/html/paymoney-laravel/vendor/laravel/framework/src/Illuminate/Foundation/Exceptions/Handler.php(278): Illuminate\\Foundation\\Exceptions\\Handler->reportThrowable()
#5 /var/www/html/paymoney-laravel/vendor/laravel/framework/src/Illuminate/Foundation/Console/Kernel.php(523): Illuminate\\Foundation\\Exceptions\\Handler->report()
#6 /var/www/html/paymoney-laravel/vendor/laravel/framework/src/Illuminate/Foundation/Console/Kernel.php(203): Illuminate\\Foundation\\Console\\Kernel->reportException()
#7 Command line code(1): Illuminate\\Foundation\\Console\\Kernel->handle()
#8 {main}
"} 
[2026-03-25 16:34:57] laravel.ERROR: Failed opening required '/var/www/html/paymoney-laravel/config/api-docs-endpoints.php' (include_path='.:/usr/share/php') {"exception":"[object] (Error(code: 0): Failed opening required '/var/www/html/paymoney-laravel/config/api-docs-endpoints.php' (include_path='.:/usr/share/php') at /var/www/html/paymoney-laravel/config/api-docs.php:46)
[stacktrace]
#0 /var/www/html/paymoney-laravel/vendor/laravel/framework/src/Illuminate/Foundation/Bootstrap/LoadConfiguration.php(70): require()
#1 /var/www/html/paymoney-laravel/vendor/laravel/framework/src/Illuminate/Foundation/Bootstrap/LoadConfiguration.php(39): Illuminate\\Foundation\\Bootstrap\\LoadConfiguration->loadConfigurationFiles()
#2 /var/www/html/paymoney-laravel/vendor/laravel/framework/src/Illuminate/Foundation/Application.php(263): Illuminate\\Foundation\\Bootstrap\\LoadConfiguration->bootstrap()
#3 /var/www/html/paymoney-laravel/vendor/laravel/framework/src/Illuminate/Foundation/Console/Kernel.php(447): Illuminate\\Foundation\\Application->bootstrapWith()
#4 /var/www/html/paymoney-laravel/vendor/laravel/framework/src/Illuminate/Foundation/Console/Kernel.php(199): Illuminate\\Foundation\\Console\\Kernel->bootstrap()
#5 Command line code(1): Illuminate\\Foundation\\Console\\Kernel->handle()
#6 {main}
"} 
[2026-03-25 16:34:57] laravel.EMERGENCY: Unable to create configured logger. Using emergency logger. {"exception":"[object] (InvalidArgumentException(code: 0): Log [] is not defined. at /var/www/html/paymoney-laravel/vendor/laravel/framework/src/Illuminate/Log/LogManager.php:212)
[stacktrace]
#0 /var/www/html/paymoney-laravel/vendor/laravel/framework/src/Illuminate/Log/LogManager.php(137): Illuminate\\Log\\LogManager->resolve()
#1 /var/www/html/paymoney-laravel/vendor/laravel/framework/src/Illuminate/Log/LogManager.php(124): Illuminate\\Log\\LogManager->get()
#2 /var/www/html/paymoney-laravel/vendor/laravel/framework/src/Illuminate/Log/LogManager.php(681): Illuminate\\Log\\LogManager->driver()
#3 /var/www/html/paymoney-laravel/vendor/laravel/framework/src/Illuminate/Foundation/Exceptions/Handler.php(317): Illuminate\\Log\\LogManager->error()
#4 /var/www/html/paymoney-laravel/vendor/laravel/framework/src/Illuminate/Foundation/Exceptions/Handler.php(278): Illuminate\\Foundation\\Exceptions\\Handler->reportThrowable()
#5 /var/www/html/paymoney-laravel/vendor/laravel/framework/src/Illuminate/Foundation/Console/Kernel.php(523): Illuminate\\Foundation\\Exceptions\\Handler->report()
#6 /var/www/html/paymoney-laravel/vendor/laravel/framework/src/Illuminate/Foundation/Console/Kernel.php(203): Illuminate\\Foundation\\Console\\Kernel->reportException()
#7 Command line code(1): Illuminate\\Foundation\\Console\\Kernel->handle()
#8 {main}
"} 
[2026-03-25 16:34:57] laravel.ERROR: Failed opening required '/var/www/html/paymoney-laravel/config/api-docs-endpoints.php' (include_path='.:/usr/share/php') {"exception":"[object] (Error(code: 0): Failed opening required '/var/www/html/paymoney-laravel/config/api-docs-endpoints.php' (include_path='.:/usr/share/php') at /var/www/html/paymoney-laravel/config/api-docs.php:46)
[stacktrace]
#0 /var/www/html/paymoney-laravel/vendor/laravel/framework/src/Illuminate/Foundation/Bootstrap/LoadConfiguration.php(70): require()
#1 /var/www/html/paymoney-laravel/vendor/laravel/framework/src/Illuminate/Foundation/Bootstrap/LoadConfiguration.php(39): Illuminate\\Foundation\\Bootstrap\\LoadConfiguration->loadConfigurationFiles()
#2 /var/www/html/paymoney-laravel/vendor/laravel/framework/src/Illuminate/Foundation/Application.php(263): Illuminate\\Foundation\\Bootstrap\\LoadConfiguration->bootstrap()
#3 /var/www/html/paymoney-laravel/vendor/laravel/framework/src/Illuminate/Foundation/Console/Kernel.php(447): Illuminate\\Foundation\\Application->bootstrapWith()
#4 /var/www/html/paymoney-laravel/vendor/laravel/framework/src/Illuminate/Foundation/Console/Kernel.php(199): Illuminate\\Foundation\\Console\\Kernel->bootstrap()
#5 Command line code(1): Illuminate\\Foundation\\Console\\Kernel->handle()
#6 {main}
"} 
[2026-03-25 16:34:57] laravel.EMERGENCY: Unable to create configured logger. Using emergency logger. {"exception":"[object] (InvalidArgumentException(code: 0): Log [] is not defined. at /var/www/html/paymoney-laravel/vendor/laravel/framework/src/Illuminate/Log/LogManager.php:212)
[stacktrace]
#0 /var/www/html/paymoney-laravel/vendor/laravel/framework/src/Illuminate/Log/LogManager.php(137): Illuminate\\Log\\LogManager->resolve()
#1 /var/www/html/paymoney-laravel/vendor/laravel/framework/src/Illuminate/Log/LogManager.php(124): Illuminate\\Log\\LogManager->get()
#2 /var/www/html/paymoney-laravel/vendor/laravel/framework/src/Illuminate/Log/LogManager.php(681): Illuminate\\Log\\LogManager->driver()
#3 /var/www/html/paymoney-laravel/vendor/laravel/framework/src/Illuminate/Foundation/Exceptions/Handler.php(317): Illuminate\\Log\\LogManager->error()
#4 /var/www/html/paymoney-laravel/vendor/laravel/framework/src/Illuminate/Foundation/Exceptions/Handler.php(278): Illuminate\\Foundation\\Exceptions\\Handler->reportThrowable()
#5 /var/www/html/paymoney-laravel/vendor/laravel/framework/src/Illuminate/Foundation/Console/Kernel.php(523): Illuminate\\Foundation\\Exceptions\\Handler->report()
#6 /var/www/html/paymoney-laravel/vendor/laravel/framework/src/Illuminate/Foundation/Console/Kernel.php(203): Illuminate\\Foundation\\Console\\Kernel->reportException()
#7 Command line code(1): Illuminate\\Foundation\\Console\\Kernel->handle()
#8 {main}
"} 
[2026-03-25 16:34:57] laravel.ERROR: Failed opening required '/var/www/html/paymoney-laravel/config/api-docs-endpoints.php' (include_path='.:/usr/share/php') {"exception":"[object] (Error(code: 0): Failed opening required '/var/www/html/paymoney-laravel/config/api-docs-endpoints.php' (include_path='.:/usr/share/php') at /var/www/html/paymoney-laravel/config/api-docs.php:46)
[stacktrace]
#0 /var/www/html/paymoney-laravel/vendor/laravel/framework/src/Illuminate/Foundation/Bootstrap/LoadConfiguration.php(70): require()
#1 /var/www/html/paymoney-laravel/vendor/laravel/framework/src/Illuminate/Foundation/Bootstrap/LoadConfiguration.php(39): Illuminate\\Foundation\\Bootstrap\\LoadConfiguration->loadConfigurationFiles()
#2 /var/www/html/paymoney-laravel/vendor/laravel/framework/src/Illuminate/Foundation/Application.php(263): Illuminate\\Foundation\\Bootstrap\\LoadConfiguration->bootstrap()
#3 /var/www/html/paymoney-laravel/vendor/laravel/framework/src/Illuminate/Foundation/Console/Kernel.php(447): Illuminate\\Foundation\\Application->bootstrapWith()
#4 /var/www/html/paymoney-laravel/vendor/laravel/framework/src/Illuminate/Foundation/Console/Kernel.php(199): Illuminate\\Foundation\\Console\\Kernel->bootstrap()
#5 Command line code(1): Illuminate\\Foundation\\Console\\Kernel->handle()
#6 {main}
"} 
[2026-03-25 16:34:57] laravel.EMERGENCY: Unable to create configured logger. Using emergency logger. {"exception":"[object] (InvalidArgumentException(code: 0): Log [] is not defined. at /var/www/html/paymoney-laravel/vendor/laravel/framework/src/Illuminate/Log/LogManager.php:212)
[stacktrace]
#0 /var/www/html/paymoney-laravel/vendor/laravel/framework/src/Illuminate/Log/LogManager.php(137): Illuminate\\Log\\LogManager->resolve()
#1 /var/www/html/paymoney-laravel/vendor/laravel/framework/src/Illuminate/Log/LogManager.php(124): Illuminate\\Log\\LogManager->get()
#2 /var/www/html/paymoney-laravel/vendor/laravel/framework/src/Illuminate/Log/LogManager.php(681): Illuminate\\Log\\LogManager->driver()
#3 /var/www/html/paymoney-laravel/vendor/laravel/framework/src/Illuminate/Foundation/Exceptions/Handler.php(317): Illuminate\\Log\\LogManager->error()
#4 /var/www/html/paymoney-laravel/vendor/laravel/framework/src/Illuminate/Foundation/Exceptions/Handler.php(278): Illuminate\\Foundation\\Exceptions\\Handler->reportThrowable()
#5 /var/www/html/paymoney-laravel/vendor/laravel/framework/src/Illuminate/Foundation/Console/Kernel.php(523): Illuminate\\Foundation\\Exceptions\\Handler->report()
#6 /var/www/html/paymoney-laravel/vendor/laravel/framework/src/Illuminate/Foundation/Console/Kernel.php(203): Illuminate\\Foundation\\Console\\Kernel->reportException()
#7 Command line code(1): Illuminate\\Foundation\\Console\\Kernel->handle()
#8 {main}
"} 
[2026-03-25 16:34:57] laravel.ERROR: Failed opening required '/var/www/html/paymoney-laravel/config/api-docs-endpoints.php' (include_path='.:/usr/share/php') {"exception":"[object] (Error(code: 0): Failed opening required '/var/www/html/paymoney-laravel/config/api-docs-endpoints.php' (include_path='.:/usr/share/php') at /var/www/html/paymoney-laravel/config/api-docs.php:46)
[stacktrace]
#0 /var/www/html/paymoney-laravel/vendor/laravel/framework/src/Illuminate/Foundation/Bootstrap/LoadConfiguration.php(70): require()
#1 /var/www/html/paymoney-laravel/vendor/laravel/framework/src/Illuminate/Foundation/Bootstrap/LoadConfiguration.php(39): Illuminate\\Foundation\\Bootstrap\\LoadConfiguration->loadConfigurationFiles()
#2 /var/www/html/paymoney-laravel/vendor/laravel/framework/src/Illuminate/Foundation/Application.php(263): Illuminate\\Foundation\\Bootstrap\\LoadConfiguration->bootstrap()
#3 /var/www/html/paymoney-laravel/vendor/laravel/framework/src/Illuminate/Foundation/Console/Kernel.php(447): Illuminate\\Foundation\\Application->bootstrapWith()
#4 /var/www/html/paymoney-laravel/vendor/laravel/framework/src/Illuminate/Foundation/Console/Kernel.php(199): Illuminate\\Foundation\\Console\\Kernel->bootstrap()
#5 Command line code(1): Illuminate\\Foundation\\Console\\Kernel->handle()
#6 {main}
"} 
[2026-03-25 16:34:57] laravel.EMERGENCY: Unable to create configured logger. Using emergency logger. {"exception":"[object] (InvalidArgumentException(code: 0): Log [] is not defined. at /var/www/html/paymoney-laravel/vendor/laravel/framework/src/Illuminate/Log/LogManager.php:212)
[stacktrace]
#0 /var/www/html/paymoney-laravel/vendor/laravel/framework/src/Illuminate/Log/LogManager.php(137): Illuminate\\Log\\LogManager->resolve()
#1 /var/www/html/paymoney-laravel/vendor/laravel/framework/src/Illuminate/Log/LogManager.php(124): Illuminate\\Log\\LogManager->get()
#2 /var/www/html/paymoney-laravel/vendor/laravel/framework/src/Illuminate/Log/LogManager.php(681): Illuminate\\Log\\LogManager->driver()
#3 /var/www/html/paymoney-laravel/vendor/laravel/framework/src/Illuminate/Foundation/Exceptions/Handler.php(317): Illuminate\\Log\\LogManager->error()
#4 /var/www/html/paymoney-laravel/vendor/laravel/framework/src/Illuminate/Foundation/Exceptions/Handler.php(278): Illuminate\\Foundation\\Exceptions\\Handler->reportThrowable()
#5 /var/www/html/paymoney-laravel/vendor/laravel/framework/src/Illuminate/Foundation/Console/Kernel.php(523): Illuminate\\Foundation\\Exceptions\\Handler->report()
#6 /var/www/html/paymoney-laravel/vendor/laravel/framework/src/Illuminate/Foundation/Console/Kernel.php(203): Illuminate\\Foundation\\Console\\Kernel->reportException()
#7 Command line code(1): Illuminate\\Foundation\\Console\\Kernel->handle()
#8 {main}
"} 
[2026-03-25 16:34:57] laravel.ERROR: Failed opening required '/var/www/html/paymoney-laravel/config/api-docs-endpoints.php' (include_path='.:/usr/share/php') {"exception":"[object] (Error(code: 0): Failed opening required '/var/www/html/paymoney-laravel/config/api-docs-endpoints.php' (include_path='.:/usr/share/php') at /var/www/html/paymoney-laravel/config/api-docs.php:46)
[stacktrace]
#0 /var/www/html/paymoney-laravel/vendor/laravel/framework/src/Illuminate/Foundation/Bootstrap/LoadConfiguration.php(70): require()
#1 /var/www/html/paymoney-laravel/vendor/laravel/framework/src/Illuminate/Foundation/Bootstrap/LoadConfiguration.php(39): Illuminate\\Foundation\\Bootstrap\\LoadConfiguration->loadConfigurationFiles()
#2 /var/www/html/paymoney-laravel/vendor/laravel/framework/src/Illuminate/Foundation/Application.php(263): Illuminate\\Foundation\\Bootstrap\\LoadConfiguration->bootstrap()
#3 /var/www/html/paymoney-laravel/vendor/laravel/framework/src/Illuminate/Foundation/Console/Kernel.php(447): Illuminate\\Foundation\\Application->bootstrapWith()
#4 /var/www/html/paymoney-laravel/vendor/laravel/framework/src/Illuminate/Foundation/Console/Kernel.php(199): Illuminate\\Foundation\\Console\\Kernel->bootstrap()
#5 Command line code(1): Illuminate\\Foundation\\Console\\Kernel->handle()
#6 {main}
"} 
[2026-03-25 16:34:58] laravel.EMERGENCY: Unable to create configured logger. Using emergency logger. {"exception":"[object] (InvalidArgumentException(code: 0): Log [] is not defined. at /var/www/html/paymoney-laravel/vendor/laravel/framework/src/Illuminate/Log/LogManager.php:212)
[stacktrace]
#0 /var/www/html/paymoney-laravel/vendor/laravel/framework/src/Illuminate/Log/LogManager.php(137): Illuminate\\Log\\LogManager->resolve()
#1 /var/www/html/paymoney-laravel/vendor/laravel/framework/src/Illuminate/Log/LogManager.php(124): Illuminate\\Log\\LogManager->get()
#2 /var/www/html/paymoney-laravel/vendor/laravel/framework/src/Illuminate/Log/LogManager.php(681): Illuminate\\Log\\LogManager->driver()
#3 /var/www/html/paymoney-laravel/vendor/laravel/framework/src/Illuminate/Foundation/Exceptions/Handler.php(317): Illuminate\\Log\\LogManager->error()
#4 /var/www/html/paymoney-laravel/vendor/laravel/framework/src/Illuminate/Foundation/Exceptions/Handler.php(278): Illuminate\\Foundation\\Exceptions\\Handler->reportThrowable()
#5 /var/www/html/paymoney-laravel/vendor/laravel/framework/src/Illuminate/Foundation/Console/Kernel.php(523): Illuminate\\Foundation\\Exceptions\\Handler->report()
#6 /var/www/html/paymoney-laravel/vendor/laravel/framework/src/Illuminate/Foundation/Console/Kernel.php(203): Illuminate\\Foundation\\Console\\Kernel->reportException()
#7 Command line code(1): Illuminate\\Foundation\\Console\\Kernel->handle()
#8 {main}
"} 
[2026-03-25 16:34:58] laravel.ERROR: Failed opening required '/var/www/html/paymoney-laravel/config/api-docs-endpoints.php' (include_path='.:/usr/share/php') {"exception":"[object] (Error(code: 0): Failed opening required '/var/www/html/paymoney-laravel/config/api-docs-endpoints.php' (include_path='.:/usr/share/php') at /var/www/html/paymoney-laravel/config/api-docs.php:46)
[stacktrace]
#0 /var/www/html/paymoney-laravel/vendor/laravel/framework/src/Illuminate/Foundation/Bootstrap/LoadConfiguration.php(70): require()
#1 /var/www/html/paymoney-laravel/vendor/laravel/framework/src/Illuminate/Foundation/Bootstrap/LoadConfiguration.php(39): Illuminate\\Foundation\\Bootstrap\\LoadConfiguration->loadConfigurationFiles()
#2 /var/www/html/paymoney-laravel/vendor/laravel/framework/src/Illuminate/Foundation/Application.php(263): Illuminate\\Foundation\\Bootstrap\\LoadConfiguration->bootstrap()
#3 /var/www/html/paymoney-laravel/vendor/laravel/framework/src/Illuminate/Foundation/Console/Kernel.php(447): Illuminate\\Foundation\\Application->bootstrapWith()
#4 /var/www/html/paymoney-laravel/vendor/laravel/framework/src/Illuminate/Foundation/Console/Kernel.php(199): Illuminate\\Foundation\\Console\\Kernel->bootstrap()
#5 Command line code(1): Illuminate\\Foundation\\Console\\Kernel->handle()
#6 {main}
"} 
[2026-03-25 16:35:18] laravel.EMERGENCY: Unable to create configured logger. Using emergency logger. {"exception":"[object] (InvalidArgumentException(code: 0): Log [] is not defined. at /var/www/html/paymoney-laravel/vendor/laravel/framework/src/Illuminate/Log/LogManager.php:212)
[stacktrace]
#0 /var/www/html/paymoney-laravel/vendor/laravel/framework/src/Illuminate/Log/LogManager.php(137): Illuminate\\Log\\LogManager->resolve()
#1 /var/www/html/paymoney-laravel/vendor/laravel/framework/src/Illuminate/Log/LogManager.php(124): Illuminate\\Log\\LogManager->get()
#2 /var/www/html/paymoney-laravel/vendor/laravel/framework/src/Illuminate/Log/LogManager.php(681): Illuminate\\Log\\LogManager->driver()
#3 /var/www/html/paymoney-laravel/vendor/laravel/framework/src/Illuminate/Foundation/Exceptions/Handler.php(317): Illuminate\\Log\\LogManager->error()
#4 /var/www/html/paymoney-laravel/vendor/laravel/framework/src/Illuminate/Foundation/Exceptions/Handler.php(278): Illuminate\\Foundation\\Exceptions\\Handler->reportThrowable()
#5 /var/www/html/paymoney-laravel/vendor/laravel/framework/src/Illuminate/Foundation/Console/Kernel.php(523): Illuminate\\Foundation\\Exceptions\\Handler->report()
#6 /var/www/html/paymoney-laravel/vendor/laravel/framework/src/Illuminate/Foundation/Console/Kernel.php(203): Illuminate\\Foundation\\Console\\Kernel->reportException()
#7 /var/www/html/paymoney-laravel/artisan(35): Illuminate\\Foundation\\Console\\Kernel->handle()
#8 {main}
"} 
[2026-03-25 16:35:18] laravel.ERROR: Failed opening required '/var/www/html/paymoney-laravel/config/api-docs-endpoints.php' (include_path='.:/usr/share/php') {"exception":"[object] (Error(code: 0): Failed opening required '/var/www/html/paymoney-laravel/config/api-docs-endpoints.php' (include_path='.:/usr/share/php') at /var/www/html/paymoney-laravel/config/api-docs.php:46)
[stacktrace]
#0 /var/www/html/paymoney-laravel/vendor/laravel/framework/src/Illuminate/Foundation/Bootstrap/LoadConfiguration.php(70): require()
#1 /var/www/html/paymoney-laravel/vendor/laravel/framework/src/Illuminate/Foundation/Bootstrap/LoadConfiguration.php(39): Illuminate\\Foundation\\Bootstrap\\LoadConfiguration->loadConfigurationFiles()
#2 /var/www/html/paymoney-laravel/vendor/laravel/framework/src/Illuminate/Foundation/Application.php(263): Illuminate\\Foundation\\Bootstrap\\LoadConfiguration->bootstrap()
#3 /var/www/html/paymoney-laravel/vendor/laravel/framework/src/Illuminate/Foundation/Console/Kernel.php(447): Illuminate\\Foundation\\Application->bootstrapWith()
#4 /var/www/html/paymoney-laravel/vendor/laravel/framework/src/Illuminate/Foundation/Console/Kernel.php(199): Illuminate\\Foundation\\Console\\Kernel->bootstrap()
#5 /var/www/html/paymoney-laravel/artisan(35): Illuminate\\Foundation\\Console\\Kernel->handle()
#6 {main}
"} 
[2026-03-25 16:35:20] laravel.EMERGENCY: Unable to create configured logger. Using emergency logger. {"exception":"[object] (InvalidArgumentException(code: 0): Log [] is not defined. at /var/www/html/paymoney-laravel/vendor/laravel/framework/src/Illuminate/Log/LogManager.php:212)
[stacktrace]
#0 /var/www/html/paymoney-laravel/vendor/laravel/framework/src/Illuminate/Log/LogManager.php(137): Illuminate\\Log\\LogManager->resolve()
#1 /var/www/html/paymoney-laravel/vendor/laravel/framework/src/Illuminate/Log/LogManager.php(124): Illuminate\\Log\\LogManager->get()
#2 /var/www/html/paymoney-laravel/vendor/laravel/framework/src/Illuminate/Log/LogManager.php(681): Illuminate\\Log\\LogManager->driver()
#3 /var/www/html/paymoney-laravel/vendor/laravel/framework/src/Illuminate/Foundation/Exceptions/Handler.php(317): Illuminate\\Log\\LogManager->error()
#4 /var/www/html/paymoney-laravel/vendor/laravel/framework/src/Illuminate/Foundation/Exceptions/Handler.php(278): Illuminate\\Foundation\\Exceptions\\Handler->reportThrowable()
#5 /var/www/html/paymoney-laravel/vendor/laravel/framework/src/Illuminate/Foundation/Console/Kernel.php(523): Illuminate\\Foundation\\Exceptions\\Handler->report()
#6 /var/www/html/paymoney-laravel/vendor/laravel/framework/src/Illuminate/Foundation/Console/Kernel.php(203): Illuminate\\Foundation\\Console\\Kernel->reportException()
#7 /var/www/html/paymoney-laravel/artisan(35): Illuminate\\Foundation\\Console\\Kernel->handle()
#8 {main}
"} 
[2026-03-25 16:35:20] laravel.ERROR: Failed opening required '/var/www/html/paymoney-laravel/config/api-docs-endpoints.php' (include_path='.:/usr/share/php') {"exception":"[object] (Error(code: 0): Failed opening required '/var/www/html/paymoney-laravel/config/api-docs-endpoints.php' (include_path='.:/usr/share/php') at /var/www/html/paymoney-laravel/config/api-docs.php:46)
[stacktrace]
#0 /var/www/html/paymoney-laravel/vendor/laravel/framework/src/Illuminate/Foundation/Bootstrap/LoadConfiguration.php(70): require()
#1 /var/www/html/paymoney-laravel/vendor/laravel/framework/src/Illuminate/Foundation/Bootstrap/LoadConfiguration.php(39): Illuminate\\Foundation\\Bootstrap\\LoadConfiguration->loadConfigurationFiles()
#2 /var/www/html/paymoney-laravel/vendor/laravel/framework/src/Illuminate/Foundation/Application.php(263): Illuminate\\Foundation\\Bootstrap\\LoadConfiguration->bootstrap()
#3 /var/www/html/paymoney-laravel/vendor/laravel/framework/src/Illuminate/Foundation/Console/Kernel.php(447): Illuminate\\Foundation\\Application->bootstrapWith()
#4 /var/www/html/paymoney-laravel/vendor/laravel/framework/src/Illuminate/Foundation/Console/Kernel.php(199): Illuminate\\Foundation\\Console\\Kernel->bootstrap()
#5 /var/www/html/paymoney-laravel/artisan(35): Illuminate\\Foundation\\Console\\Kernel->handle()
#6 {main}
"} 
[2026-03-25 16:35:22] laravel.EMERGENCY: Unable to create configured logger. Using emergency logger. {"exception":"[object] (InvalidArgumentException(code: 0): Log [] is not defined. at /var/www/html/paymoney-laravel/vendor/laravel/framework/src/Illuminate/Log/LogManager.php:212)
[stacktrace]
#0 /var/www/html/paymoney-laravel/vendor/laravel/framework/src/Illuminate/Log/LogManager.php(137): Illuminate\\Log\\LogManager->resolve()
#1 /var/www/html/paymoney-laravel/vendor/laravel/framework/src/Illuminate/Log/LogManager.php(124): Illuminate\\Log\\LogManager->get()
#2 /var/www/html/paymoney-laravel/vendor/laravel/framework/src/Illuminate/Log/LogManager.php(681): Illuminate\\Log\\LogManager->driver()
#3 /var/www/html/paymoney-laravel/vendor/laravel/framework/src/Illuminate/Foundation/Exceptions/Handler.php(317): Illuminate\\Log\\LogManager->error()
#4 /var/www/html/paymoney-laravel/vendor/laravel/framework/src/Illuminate/Foundation/Exceptions/Handler.php(278): Illuminate\\Foundation\\Exceptions\\Handler->reportThrowable()
#5 /var/www/html/paymoney-laravel/vendor/laravel/framework/src/Illuminate/Foundation/Console/Kernel.php(523): Illuminate\\Foundation\\Exceptions\\Handler->report()
#6 /var/www/html/paymoney-laravel/vendor/laravel/framework/src/Illuminate/Foundation/Console/Kernel.php(203): Illuminate\\Foundation\\Console\\Kernel->reportException()
#7 /var/www/html/paymoney-laravel/artisan(35): Illuminate\\Foundation\\Console\\Kernel->handle()
#8 {main}
"} 
[2026-03-25 16:35:22] laravel.ERROR: Failed opening required '/var/www/html/paymoney-laravel/config/api-docs-endpoints.php' (include_path='.:/usr/share/php') {"exception":"[object] (Error(code: 0): Failed opening required '/var/www/html/paymoney-laravel/config/api-docs-endpoints.php' (include_path='.:/usr/share/php') at /var/www/html/paymoney-laravel/config/api-docs.php:46)
[stacktrace]
#0 /var/www/html/paymoney-laravel/vendor/laravel/framework/src/Illuminate/Foundation/Bootstrap/LoadConfiguration.php(70): require()
#1 /var/www/html/paymoney-laravel/vendor/laravel/framework/src/Illuminate/Foundation/Bootstrap/LoadConfiguration.php(39): Illuminate\\Foundation\\Bootstrap\\LoadConfiguration->loadConfigurationFiles()
#2 /var/www/html/paymoney-laravel/vendor/laravel/framework/src/Illuminate/Foundation/Application.php(263): Illuminate\\Foundation\\Bootstrap\\LoadConfiguration->bootstrap()
#3 /var/www/html/paymoney-laravel/vendor/laravel/framework/src/Illuminate/Foundation/Console/Kernel.php(447): Illuminate\\Foundation\\Application->bootstrapWith()
#4 /var/www/html/paymoney-laravel/vendor/laravel/framework/src/Illuminate/Foundation/Console/Kernel.php(199): Illuminate\\Foundation\\Console\\Kernel->bootstrap()
#5 /var/www/html/paymoney-laravel/artisan(35): Illuminate\\Foundation\\Console\\Kernel->handle()
#6 {main}
"} 
[2026-03-25 16:35:57] laravel.EMERGENCY: Unable to create configured logger. Using emergency logger. {"exception":"[object] (InvalidArgumentException(code: 0): Log [] is not defined. at /var/www/html/paymoney-laravel/vendor/laravel/framework/src/Illuminate/Log/LogManager.php:212)
[stacktrace]
#0 /var/www/html/paymoney-laravel/vendor/laravel/framework/src/Illuminate/Log/LogManager.php(137): Illuminate\\Log\\LogManager->resolve()
#1 /var/www/html/paymoney-laravel/vendor/laravel/framework/src/Illuminate/Log/LogManager.php(124): Illuminate\\Log\\LogManager->get()
#2 /var/www/html/paymoney-laravel/vendor/laravel/framework/src/Illuminate/Log/LogManager.php(681): Illuminate\\Log\\LogManager->driver()
#3 /var/www/html/paymoney-laravel/vendor/laravel/framework/src/Illuminate/Foundation/Exceptions/Handler.php(317): Illuminate\\Log\\LogManager->error()
#4 /var/www/html/paymoney-laravel/vendor/laravel/framework/src/Illuminate/Foundation/Exceptions/Handler.php(278): Illuminate\\Foundation\\Exceptions\\Handler->reportThrowable()
#5 /var/www/html/paymoney-laravel/vendor/laravel/framework/src/Illuminate/Foundation/Console/Kernel.php(523): Illuminate\\Foundation\\Exceptions\\Handler->report()
#6 /var/www/html/paymoney-laravel/vendor/laravel/framework/src/Illuminate/Foundation/Console/Kernel.php(203): Illuminate\\Foundation\\Console\\Kernel->reportException()
#7 Command line code(1): Illuminate\\Foundation\\Console\\Kernel->handle()
#8 {main}
"} 
[2026-03-25 16:35:57] laravel.ERROR: Failed opening required '/var/www/html/paymoney-laravel/config/api-docs-endpoints.php' (include_path='.:/usr/share/php') {"exception":"[object] (Error(code: 0): Failed opening required '/var/www/html/paymoney-laravel/config/api-docs-endpoints.php' (include_path='.:/usr/share/php') at /var/www/html/paymoney-laravel/config/api-docs.php:46)
[stacktrace]
#0 /var/www/html/paymoney-laravel/vendor/laravel/framework/src/Illuminate/Foundation/Bootstrap/LoadConfiguration.php(70): require()
#1 /var/www/html/paymoney-laravel/vendor/laravel/framework/src/Illuminate/Foundation/Bootstrap/LoadConfiguration.php(39): Illuminate\\Foundation\\Bootstrap\\LoadConfiguration->loadConfigurationFiles()
#2 /var/www/html/paymoney-laravel/vendor/laravel/framework/src/Illuminate/Foundation/Application.php(263): Illuminate\\Foundation\\Bootstrap\\LoadConfiguration->bootstrap()
#3 /var/www/html/paymoney-laravel/vendor/laravel/framework/src/Illuminate/Foundation/Console/Kernel.php(447): Illuminate\\Foundation\\Application->bootstrapWith()
#4 /var/www/html/paymoney-laravel/vendor/laravel/framework/src/Illuminate/Foundation/Console/Kernel.php(199): Illuminate\\Foundation\\Console\\Kernel->bootstrap()
#5 Command line code(1): Illuminate\\Foundation\\Console\\Kernel->handle()
#6 {main}
"} 
[2026-03-25 16:35:57] laravel.EMERGENCY: Unable to create configured logger. Using emergency logger. {"exception":"[object] (InvalidArgumentException(code: 0): Log [] is not defined. at /var/www/html/paymoney-laravel/vendor/laravel/framework/src/Illuminate/Log/LogManager.php:212)
[stacktrace]
#0 /var/www/html/paymoney-laravel/vendor/laravel/framework/src/Illuminate/Log/LogManager.php(137): Illuminate\\Log\\LogManager->resolve()
#1 /var/www/html/paymoney-laravel/vendor/laravel/framework/src/Illuminate/Log/LogManager.php(124): Illuminate\\Log\\LogManager->get()
#2 /var/www/html/paymoney-laravel/vendor/laravel/framework/src/Illuminate/Log/LogManager.php(681): Illuminate\\Log\\LogManager->driver()
#3 /var/www/html/paymoney-laravel/vendor/laravel/framework/src/Illuminate/Foundation/Exceptions/Handler.php(317): Illuminate\\Log\\LogManager->error()
#4 /var/www/html/paymoney-laravel/vendor/laravel/framework/src/Illuminate/Foundation/Exceptions/Handler.php(278): Illuminate\\Foundation\\Exceptions\\Handler->reportThrowable()
#5 /var/www/html/paymoney-laravel/vendor/laravel/framework/src/Illuminate/Foundation/Console/Kernel.php(523): Illuminate\\Foundation\\Exceptions\\Handler->report()
#6 /var/www/html/paymoney-laravel/vendor/laravel/framework/src/Illuminate/Foundation/Console/Kernel.php(203): Illuminate\\Foundation\\Console\\Kernel->reportException()
#7 Command line code(1): Illuminate\\Foundation\\Console\\Kernel->handle()
#8 {main}
"} 
[2026-03-25 16:35:57] laravel.ERROR: Failed opening required '/var/www/html/paymoney-laravel/config/api-docs-endpoints.php' (include_path='.:/usr/share/php') {"exception":"[object] (Error(code: 0): Failed opening required '/var/www/html/paymoney-laravel/config/api-docs-endpoints.php' (include_path='.:/usr/share/php') at /var/www/html/paymoney-laravel/config/api-docs.php:46)
[stacktrace]
#0 /var/www/html/paymoney-laravel/vendor/laravel/framework/src/Illuminate/Foundation/Bootstrap/LoadConfiguration.php(70): require()
#1 /var/www/html/paymoney-laravel/vendor/laravel/framework/src/Illuminate/Foundation/Bootstrap/LoadConfiguration.php(39): Illuminate\\Foundation\\Bootstrap\\LoadConfiguration->loadConfigurationFiles()
#2 /var/www/html/paymoney-laravel/vendor/laravel/framework/src/Illuminate/Foundation/Application.php(263): Illuminate\\Foundation\\Bootstrap\\LoadConfiguration->bootstrap()
#3 /var/www/html/paymoney-laravel/vendor/laravel/framework/src/Illuminate/Foundation/Console/Kernel.php(447): Illuminate\\Foundation\\Application->bootstrapWith()
#4 /var/www/html/paymoney-laravel/vendor/laravel/framework/src/Illuminate/Foundation/Console/Kernel.php(199): Illuminate\\Foundation\\Console\\Kernel->bootstrap()
#5 Command line code(1): Illuminate\\Foundation\\Console\\Kernel->handle()
#6 {main}
"} 
[2026-03-25 16:36:57] laravel.EMERGENCY: Unable to create configured logger. Using emergency logger. {"exception":"[object] (InvalidArgumentException(code: 0): Log [] is not defined. at /var/www/html/paymoney-laravel/vendor/laravel/framework/src/Illuminate/Log/LogManager.php:212)
[stacktrace]
#0 /var/www/html/paymoney-laravel/vendor/laravel/framework/src/Illuminate/Log/LogManager.php(137): Illuminate\\Log\\LogManager->resolve()
#1 /var/www/html/paymoney-laravel/vendor/laravel/framework/src/Illuminate/Log/LogManager.php(124): Illuminate\\Log\\LogManager->get()
#2 /var/www/html/paymoney-laravel/vendor/laravel/framework/src/Illuminate/Log/LogManager.php(681): Illuminate\\Log\\LogManager->driver()
#3 /var/www/html/paymoney-laravel/vendor/laravel/framework/src/Illuminate/Foundation/Exceptions/Handler.php(317): Illuminate\\Log\\LogManager->error()
#4 /var/www/html/paymoney-laravel/vendor/laravel/framework/src/Illuminate/Foundation/Exceptions/Handler.php(278): Illuminate\\Foundation\\Exceptions\\Handler->reportThrowable()
#5 /var/www/html/paymoney-laravel/vendor/laravel/framework/src/Illuminate/Foundation/Console/Kernel.php(523): Illuminate\\Foundation\\Exceptions\\Handler->report()
#6 /var/www/html/paymoney-laravel/vendor/laravel/framework/src/Illuminate/Foundation/Console/Kernel.php(203): Illuminate\\Foundation\\Console\\Kernel->reportException()
#7 Command line code(1): Illuminate\\Foundation\\Console\\Kernel->handle()
#8 {main}
"} 
[2026-03-25 16:36:57] laravel.ERROR: Failed opening required '/var/www/html/paymoney-laravel/config/api-docs-endpoints.php' (include_path='.:/usr/share/php') {"exception":"[object] (Error(code: 0): Failed opening required '/var/www/html/paymoney-laravel/config/api-docs-endpoints.php' (include_path='.:/usr/share/php') at /var/www/html/paymoney-laravel/config/api-docs.php:46)
[stacktrace]
#0 /var/www/html/paymoney-laravel/vendor/laravel/framework/src/Illuminate/Foundation/Bootstrap/LoadConfiguration.php(70): require()
#1 /var/www/html/paymoney-laravel/vendor/laravel/framework/src/Illuminate/Foundation/Bootstrap/LoadConfiguration.php(39): Illuminate\\Foundation\\Bootstrap\\LoadConfiguration->loadConfigurationFiles()
#2 /var/www/html/paymoney-laravel/vendor/laravel/framework/src/Illuminate/Foundation/Application.php(263): Illuminate\\Foundation\\Bootstrap\\LoadConfiguration->bootstrap()
#3 /var/www/html/paymoney-laravel/vendor/laravel/framework/src/Illuminate/Foundation/Console/Kernel.php(447): Illuminate\\Foundation\\Application->bootstrapWith()
#4 /var/www/html/paymoney-laravel/vendor/laravel/framework/src/Illuminate/Foundation/Console/Kernel.php(199): Illuminate\\Foundation\\Console\\Kernel->bootstrap()
#5 Command line code(1): Illuminate\\Foundation\\Console\\Kernel->handle()
#6 {main}
"} 
[2026-03-25 16:36:57] laravel.EMERGENCY: Unable to create configured logger. Using emergency logger. {"exception":"[object] (InvalidArgumentException(code: 0): Log [] is not defined. at /var/www/html/paymoney-laravel/vendor/laravel/framework/src/Illuminate/Log/LogManager.php:212)
[stacktrace]
#0 /var/www/html/paymoney-laravel/vendor/laravel/framework/src/Illuminate/Log/LogManager.php(137): Illuminate\\Log\\LogManager->resolve()
#1 /var/www/html/paymoney-laravel/vendor/laravel/framework/src/Illuminate/Log/LogManager.php(124): Illuminate\\Log\\LogManager->get()
#2 /var/www/html/paymoney-laravel/vendor/laravel/framework/src/Illuminate/Log/LogManager.php(681): Illuminate\\Log\\LogManager->driver()
#3 /var/www/html/paymoney-laravel/vendor/laravel/framework/src/Illuminate/Foundation/Exceptions/Handler.php(317): Illuminate\\Log\\LogManager->error()
#4 /var/www/html/paymoney-laravel/vendor/laravel/framework/src/Illuminate/Foundation/Exceptions/Handler.php(278): Illuminate\\Foundation\\Exceptions\\Handler->reportThrowable()
#5 /var/www/html/paymoney-laravel/vendor/laravel/framework/src/Illuminate/Foundation/Console/Kernel.php(523): Illuminate\\Foundation\\Exceptions\\Handler->report()
#6 /var/www/html/paymoney-laravel/vendor/laravel/framework/src/Illuminate/Foundation/Console/Kernel.php(203): Illuminate\\Foundation\\Console\\Kernel->reportException()
#7 Command line code(1): Illuminate\\Foundation\\Console\\Kernel->handle()
#8 {main}
"} 
[2026-03-25 16:36:57] laravel.ERROR: Failed opening required '/var/www/html/paymoney-laravel/config/api-docs-endpoints.php' (include_path='.:/usr/share/php') {"exception":"[object] (Error(code: 0): Failed opening required '/var/www/html/paymoney-laravel/config/api-docs-endpoints.php' (include_path='.:/usr/share/php') at /var/www/html/paymoney-laravel/config/api-docs.php:46)
[stacktrace]
#0 /var/www/html/paymoney-laravel/vendor/laravel/framework/src/Illuminate/Foundation/Bootstrap/LoadConfiguration.php(70): require()
#1 /var/www/html/paymoney-laravel/vendor/laravel/framework/src/Illuminate/Foundation/Bootstrap/LoadConfiguration.php(39): Illuminate\\Foundation\\Bootstrap\\LoadConfiguration->loadConfigurationFiles()
#2 /var/www/html/paymoney-laravel/vendor/laravel/framework/src/Illuminate/Foundation/Application.php(263): Illuminate\\Foundation\\Bootstrap\\LoadConfiguration->bootstrap()
#3 /var/www/html/paymoney-laravel/vendor/laravel/framework/src/Illuminate/Foundation/Console/Kernel.php(447): Illuminate\\Foundation\\Application->bootstrapWith()
#4 /var/www/html/paymoney-laravel/vendor/laravel/framework/src/Illuminate/Foundation/Console/Kernel.php(199): Illuminate\\Foundation\\Console\\Kernel->bootstrap()
#5 Command line code(1): Illuminate\\Foundation\\Console\\Kernel->handle()
#6 {main}
"} 
[2026-03-25 16:37:57] laravel.EMERGENCY: Unable to create configured logger. Using emergency logger. {"exception":"[object] (InvalidArgumentException(code: 0): Log [] is not defined. at /var/www/html/paymoney-laravel/vendor/laravel/framework/src/Illuminate/Log/LogManager.php:212)
[stacktrace]
#0 /var/www/html/paymoney-laravel/vendor/laravel/framework/src/Illuminate/Log/LogManager.php(137): Illuminate\\Log\\LogManager->resolve()
#1 /var/www/html/paymoney-laravel/vendor/laravel/framework/src/Illuminate/Log/LogManager.php(124): Illuminate\\Log\\LogManager->get()
#2 /var/www/html/paymoney-laravel/vendor/laravel/framework/src/Illuminate/Log/LogManager.php(681): Illuminate\\Log\\LogManager->driver()
#3 /var/www/html/paymoney-laravel/vendor/laravel/framework/src/Illuminate/Foundation/Exceptions/Handler.php(317): Illuminate\\Log\\LogManager->error()
#4 /var/www/html/paymoney-laravel/vendor/laravel/framework/src/Illuminate/Foundation/Exceptions/Handler.php(278): Illuminate\\Foundation\\Exceptions\\Handler->reportThrowable()
#5 /var/www/html/paymoney-laravel/vendor/laravel/framework/src/Illuminate/Foundation/Console/Kernel.php(523): Illuminate\\Foundation\\Exceptions\\Handler->report()
#6 /var/www/html/paymoney-laravel/vendor/laravel/framework/src/Illuminate/Foundation/Console/Kernel.php(203): Illuminate\\Foundation\\Console\\Kernel->reportException()
#7 Command line code(1): Illuminate\\Foundation\\Console\\Kernel->handle()
#8 {main}
"} 
[2026-03-25 16:37:57] laravel.ERROR: Failed opening required '/var/www/html/paymoney-laravel/config/api-docs-endpoints.php' (include_path='.:/usr/share/php') {"exception":"[object] (Error(code: 0): Failed opening required '/var/www/html/paymoney-laravel/config/api-docs-endpoints.php' (include_path='.:/usr/share/php') at /var/www/html/paymoney-laravel/config/api-docs.php:46)
[stacktrace]
#0 /var/www/html/paymoney-laravel/vendor/laravel/framework/src/Illuminate/Foundation/Bootstrap/LoadConfiguration.php(70): require()
#1 /var/www/html/paymoney-laravel/vendor/laravel/framework/src/Illuminate/Foundation/Bootstrap/LoadConfiguration.php(39): Illuminate\\Foundation\\Bootstrap\\LoadConfiguration->loadConfigurationFiles()
#2 /var/www/html/paymoney-laravel/vendor/laravel/framework/src/Illuminate/Foundation/Application.php(263): Illuminate\\Foundation\\Bootstrap\\LoadConfiguration->bootstrap()
#3 /var/www/html/paymoney-laravel/vendor/laravel/framework/src/Illuminate/Foundation/Console/Kernel.php(447): Illuminate\\Foundation\\Application->bootstrapWith()
#4 /var/www/html/paymoney-laravel/vendor/laravel/framework/src/Illuminate/Foundation/Console/Kernel.php(199): Illuminate\\Foundation\\Console\\Kernel->bootstrap()
#5 Command line code(1): Illuminate\\Foundation\\Console\\Kernel->handle()
#6 {main}
"} 
[2026-03-25 16:37:57] laravel.EMERGENCY: Unable to create configured logger. Using emergency logger. {"exception":"[object] (InvalidArgumentException(code: 0): Log [] is not defined. at /var/www/html/paymoney-laravel/vendor/laravel/framework/src/Illuminate/Log/LogManager.php:212)
[stacktrace]
#0 /var/www/html/paymoney-laravel/vendor/laravel/framework/src/Illuminate/Log/LogManager.php(137): Illuminate\\Log\\LogManager->resolve()
#1 /var/www/html/paymoney-laravel/vendor/laravel/framework/src/Illuminate/Log/LogManager.php(124): Illuminate\\Log\\LogManager->get()
#2 /var/www/html/paymoney-laravel/vendor/laravel/framework/src/Illuminate/Log/LogManager.php(681): Illuminate\\Log\\LogManager->driver()
#3 /var/www/html/paymoney-laravel/vendor/laravel/framework/src/Illuminate/Foundation/Exceptions/Handler.php(317): Illuminate\\Log\\LogManager->error()
#4 /var/www/html/paymoney-laravel/vendor/laravel/framework/src/Illuminate/Foundation/Exceptions/Handler.php(278): Illuminate\\Foundation\\Exceptions\\Handler->reportThrowable()
#5 /var/www/html/paymoney-laravel/vendor/laravel/framework/src/Illuminate/Foundation/Console/Kernel.php(523): Illuminate\\Foundation\\Exceptions\\Handler->report()
#6 /var/www/html/paymoney-laravel/vendor/laravel/framework/src/Illuminate/Foundation/Console/Kernel.php(203): Illuminate\\Foundation\\Console\\Kernel->reportException()
#7 Command line code(1): Illuminate\\Foundation\\Console\\Kernel->handle()
#8 {main}
"} 
[2026-03-25 16:37:57] laravel.ERROR: Failed opening required '/var/www/html/paymoney-laravel/config/api-docs-endpoints.php' (include_path='.:/usr/share/php') {"exception":"[object] (Error(code: 0): Failed opening required '/var/www/html/paymoney-laravel/config/api-docs-endpoints.php' (include_path='.:/usr/share/php') at /var/www/html/paymoney-laravel/config/api-docs.php:46)
[stacktrace]
#0 /var/www/html/paymoney-laravel/vendor/laravel/framework/src/Illuminate/Foundation/Bootstrap/LoadConfiguration.php(70): require()
#1 /var/www/html/paymoney-laravel/vendor/laravel/framework/src/Illuminate/Foundation/Bootstrap/LoadConfiguration.php(39): Illuminate\\Foundation\\Bootstrap\\LoadConfiguration->loadConfigurationFiles()
#2 /var/www/html/paymoney-laravel/vendor/laravel/framework/src/Illuminate/Foundation/Application.php(263): Illuminate\\Foundation\\Bootstrap\\LoadConfiguration->bootstrap()
#3 /var/www/html/paymoney-laravel/vendor/laravel/framework/src/Illuminate/Foundation/Console/Kernel.php(447): Illuminate\\Foundation\\Application->bootstrapWith()
#4 /var/www/html/paymoney-laravel/vendor/laravel/framework/src/Illuminate/Foundation/Console/Kernel.php(199): Illuminate\\Foundation\\Console\\Kernel->bootstrap()
#5 Command line code(1): Illuminate\\Foundation\\Console\\Kernel->handle()
#6 {main}
"} 
